<?xml version='1.0'?>
<ns2:test-suite xmlns:ns2='urn:model.allure.qatools.yandex.ru' start='1547029823446' stop='1547029915676'>
    <name>Verify that user is able to comment on the story by selecting Show option in Comment dropdown</name>
    <title>Verify that user is able to comment on the story by selecting Show option in Comment dropdown</title>
    <test-cases>
        <test-case start='1547029823447' status='failed' stop='1547029883149'>
            <name>On Clicking Create Story From the Template user should be navigated to story creation page and Comment dropdown should be set to Show by default</name>
            <title>On Clicking Create Story From the Template user should be navigated to story creation page and Comment dropdown should be set to Show by default</title>
            <labels/>
            <parameters/>
            <steps/>
            <attachments>
                <attachment title='Screenshot' source='bc089c26-c5eb-4945-9745-9178788cef1b-attachment.png' type='image/png' size='71379'/>
            </attachments>
            <failure>
                <message>Failed: element not interactable: Element is not currently visible and may not be manipulated
                  (Session info: chrome=71.0.3578.98)
                  (Driver info: chromedriver=2.45.615291 (ec3682e3c9061c10f26ea9e5cdcf3c53f3f74387),platform=Windows NT 10.0.17134 x86_64)</message>
                <stack-trace>ElementNotVisibleError: element not interactable: Element is not currently visible and may not be manipulated
                  (Session info: chrome=71.0.3578.98)
                  (Driver info: chromedriver=2.45.615291 (ec3682e3c9061c10f26ea9e5cdcf3c53f3f74387),platform=Windows NT 10.0.17134 x86_64)
                    at Object.checkLegacyResponse (C:\Users\srikanthr\AppData\Roaming\npm\node_modules\protractor\node_modules\selenium-webdriver\lib\error.js:546:15)
                    at parseHttpResponse (C:\Users\srikanthr\AppData\Roaming\npm\node_modules\protractor\node_modules\selenium-webdriver\lib\http.js:509:13)
                    at doSend.then.response (C:\Users\srikanthr\AppData\Roaming\npm\node_modules\protractor\node_modules\selenium-webdriver\lib\http.js:441:30)
                    at &lt;anonymous>
                    at process._tickCallback (internal/process/next_tick.js:189:7)
                From: Task: WebElement.click()
                    at thenableWebDriverProxy.schedule (C:\Users\srikanthr\AppData\Roaming\npm\node_modules\protractor\node_modules\selenium-webdriver\lib\webdriver.js:807:17)
                    at WebElement.schedule_ (C:\Users\srikanthr\AppData\Roaming\npm\node_modules\protractor\node_modules\selenium-webdriver\lib\webdriver.js:2010:25)
                    at WebElement.click (C:\Users\srikanthr\AppData\Roaming\npm\node_modules\protractor\node_modules\selenium-webdriver\lib\webdriver.js:2092:17)
                    at actionFn (C:\Users\srikanthr\AppData\Roaming\npm\node_modules\protractor\built\element.js:89:44)
                    at Array.map (&lt;anonymous>)
                    at actionResults.getWebElements.then (C:\Users\srikanthr\AppData\Roaming\npm\node_modules\protractor\built\element.js:461:65)
                    at ManagedPromise.invokeCallback_ (C:\Users\srikanthr\AppData\Roaming\npm\node_modules\protractor\node_modules\selenium-webdriver\lib\promise.js:1376:14)
                    at TaskQueue.execute_ (C:\Users\srikanthr\AppData\Roaming\npm\node_modules\protractor\node_modules\selenium-webdriver\lib\promise.js:3084:14)
                    at TaskQueue.executeNext_ (C:\Users\srikanthr\AppData\Roaming\npm\node_modules\protractor\node_modules\selenium-webdriver\lib\promise.js:3067:27)
                    at asyncRun (C:\Users\srikanthr\AppData\Roaming\npm\node_modules\protractor\node_modules\selenium-webdriver\lib\promise.js:2927:27)Error
                    at ElementArrayFinder.applyAction_ (C:\Users\srikanthr\AppData\Roaming\npm\node_modules\protractor\built\element.js:459:27)
                    at ElementArrayFinder.(anonymous function).args [as click] (C:\Users\srikanthr\AppData\Roaming\npm\node_modules\protractor\built\element.js:91:29)
                    at TemplatePage.selectComments (C:\Users\srikanthr\eclipse-workspace\SnapAutomation-master\src\test\pages\TemplatePage.js:505:57)
                    at UserContext.&lt;anonymous> (C:\Users\srikanthr\eclipse-workspace\SnapAutomation-master\src\test\test_spec\template_spec_p2p_newyork.js:410:16)
                    at C:\Users\srikanthr\AppData\Roaming\npm\node_modules\protractor\node_modules\jasminewd2\index.js:112:25
                    at new ManagedPromise (C:\Users\srikanthr\AppData\Roaming\npm\node_modules\protractor\node_modules\selenium-webdriver\lib\promise.js:1077:7)
                    at ControlFlow.promise (C:\Users\srikanthr\AppData\Roaming\npm\node_modules\protractor\node_modules\selenium-webdriver\lib\promise.js:2505:12)
                    at schedulerExecute (C:\Users\srikanthr\AppData\Roaming\npm\node_modules\protractor\node_modules\jasminewd2\index.js:95:18)
                    at TaskQueue.execute_ (C:\Users\srikanthr\AppData\Roaming\npm\node_modules\protractor\node_modules\selenium-webdriver\lib\promise.js:3084:14)
                    at TaskQueue.executeNext_ (C:\Users\srikanthr\AppData\Roaming\npm\node_modules\protractor\node_modules\selenium-webdriver\lib\promise.js:3067:27)
                From: Task: Run it("On Clicking Create Story From the Template user should be navigated to story creation page and Comment dropdown should be set to Show by default") in control flow
                    at UserContext.&lt;anonymous> (C:\Users\srikanthr\AppData\Roaming\npm\node_modules\protractor\node_modules\jasminewd2\index.js:94:19)
                    at attempt (C:\Users\srikanthr\AppData\Roaming\npm\node_modules\protractor\node_modules\jasmine-core\lib\jasmine-core\jasmine.js:4297:26)
                    at QueueRunner.run (C:\Users\srikanthr\AppData\Roaming\npm\node_modules\protractor\node_modules\jasmine-core\lib\jasmine-core\jasmine.js:4217:20)
                    at runNext (C:\Users\srikanthr\AppData\Roaming\npm\node_modules\protractor\node_modules\jasmine-core\lib\jasmine-core\jasmine.js:4257:20)
                    at C:\Users\srikanthr\AppData\Roaming\npm\node_modules\protractor\node_modules\jasmine-core\lib\jasmine-core\jasmine.js:4264:13
                    at C:\Users\srikanthr\AppData\Roaming\npm\node_modules\protractor\node_modules\jasmine-core\lib\jasmine-core\jasmine.js:4172:9
                    at C:\Users\srikanthr\AppData\Roaming\npm\node_modules\protractor\node_modules\jasminewd2\index.js:64:48
                    at ControlFlow.emit (C:\Users\srikanthr\AppData\Roaming\npm\node_modules\protractor\node_modules\selenium-webdriver\lib\events.js:62:21)
                    at ControlFlow.shutdown_ (C:\Users\srikanthr\AppData\Roaming\npm\node_modules\protractor\node_modules\selenium-webdriver\lib\promise.js:2674:10)
                    at shutdownTask_.MicroTask (C:\Users\srikanthr\AppData\Roaming\npm\node_modules\protractor\node_modules\selenium-webdriver\lib\promise.js:2599:53)
                From asynchronous test: 
                Error
                    at Suite.&lt;anonymous> (C:\Users\srikanthr\eclipse-workspace\SnapAutomation-master\src\test\test_spec\template_spec_p2p_newyork.js:399:1)
                    at addSpecsToSuite (C:\Users\srikanthr\AppData\Roaming\npm\node_modules\protractor\node_modules\jasmine-core\lib\jasmine-core\jasmine.js:1107:25)
                    at Env.describe (C:\Users\srikanthr\AppData\Roaming\npm\node_modules\protractor\node_modules\jasmine-core\lib\jasmine-core\jasmine.js:1074:7)
                    at describe (C:\Users\srikanthr\AppData\Roaming\npm\node_modules\protractor\node_modules\jasmine-core\lib\jasmine-core\jasmine.js:4399:18)
                    at Object.&lt;anonymous> (C:\Users\srikanthr\eclipse-workspace\SnapAutomation-master\src\test\test_spec\template_spec_p2p_newyork.js:390:1)
                    at Module._compile (module.js:653:30)
                    at Object.Module._extensions..js (module.js:664:10)
                    at Module.load (module.js:566:32)
                    at tryModuleLoad (module.js:506:12)</stack-trace>
            </failure>
        </test-case>
        <test-case start='1547029883149' status='failed' stop='1547029915675'>
            <name>On saving the story and opening it on  front end comment section should be present in the story</name>
            <title>On saving the story and opening it on  front end comment section should be present in the story</title>
            <labels/>
            <parameters/>
            <steps/>
            <attachments>
                <attachment title='Screenshot' source='6ab1bddb-86d0-4fa3-823f-0ff9fa2dee63-attachment.png' type='image/png' size='76913'/>
            </attachments>
            <failure>
                <message>Failed: element not interactable
                  (Session info: chrome=71.0.3578.98)
                  (Driver info: chromedriver=2.45.615291 (ec3682e3c9061c10f26ea9e5cdcf3c53f3f74387),platform=Windows NT 10.0.17134 x86_64)</message>
                <stack-trace>ElementNotVisibleError: element not interactable
                  (Session info: chrome=71.0.3578.98)
                  (Driver info: chromedriver=2.45.615291 (ec3682e3c9061c10f26ea9e5cdcf3c53f3f74387),platform=Windows NT 10.0.17134 x86_64)
                    at Object.checkLegacyResponse (C:\Users\srikanthr\AppData\Roaming\npm\node_modules\protractor\node_modules\selenium-webdriver\lib\error.js:546:15)
                    at parseHttpResponse (C:\Users\srikanthr\AppData\Roaming\npm\node_modules\protractor\node_modules\selenium-webdriver\lib\http.js:509:13)
                    at doSend.then.response (C:\Users\srikanthr\AppData\Roaming\npm\node_modules\protractor\node_modules\selenium-webdriver\lib\http.js:441:30)
                    at &lt;anonymous>
                    at process._tickCallback (internal/process/next_tick.js:189:7)
                From: Task: WebElement.sendKeys()
                    at thenableWebDriverProxy.schedule (C:\Users\srikanthr\AppData\Roaming\npm\node_modules\protractor\node_modules\selenium-webdriver\lib\webdriver.js:807:17)
                    at WebElement.schedule_ (C:\Users\srikanthr\AppData\Roaming\npm\node_modules\protractor\node_modules\selenium-webdriver\lib\webdriver.js:2010:25)
                    at WebElement.sendKeys (C:\Users\srikanthr\AppData\Roaming\npm\node_modules\protractor\node_modules\selenium-webdriver\lib\webdriver.js:2174:19)
                    at actionFn (C:\Users\srikanthr\AppData\Roaming\npm\node_modules\protractor\built\element.js:89:44)
                    at Array.map (&lt;anonymous>)
                    at actionResults.getWebElements.then (C:\Users\srikanthr\AppData\Roaming\npm\node_modules\protractor\built\element.js:461:65)
                    at ManagedPromise.invokeCallback_ (C:\Users\srikanthr\AppData\Roaming\npm\node_modules\protractor\node_modules\selenium-webdriver\lib\promise.js:1376:14)
                    at TaskQueue.execute_ (C:\Users\srikanthr\AppData\Roaming\npm\node_modules\protractor\node_modules\selenium-webdriver\lib\promise.js:3084:14)
                    at TaskQueue.executeNext_ (C:\Users\srikanthr\AppData\Roaming\npm\node_modules\protractor\node_modules\selenium-webdriver\lib\promise.js:3067:27)
                    at asyncRun (C:\Users\srikanthr\AppData\Roaming\npm\node_modules\protractor\node_modules\selenium-webdriver\lib\promise.js:2927:27)Error
                    at ElementArrayFinder.applyAction_ (C:\Users\srikanthr\AppData\Roaming\npm\node_modules\protractor\built\element.js:459:27)
                    at ElementArrayFinder.(anonymous function).args [as sendKeys] (C:\Users\srikanthr\AppData\Roaming\npm\node_modules\protractor\built\element.js:91:29)
                    at ElementFinder.(anonymous function).args [as sendKeys] (C:\Users\srikanthr\AppData\Roaming\npm\node_modules\protractor\built\element.js:831:22)
                    at TemplatePage.EnterSeoDescription (C:\Users\srikanthr\eclipse-workspace\SnapAutomation-master\src\test\pages\TemplatePage.js:198:59)
                    at UserContext.&lt;anonymous> (C:\Users\srikanthr\eclipse-workspace\SnapAutomation-master\src\test\test_spec\template_spec_p2p_newyork.js:423:16)
                    at C:\Users\srikanthr\AppData\Roaming\npm\node_modules\protractor\node_modules\jasminewd2\index.js:112:25
                    at new ManagedPromise (C:\Users\srikanthr\AppData\Roaming\npm\node_modules\protractor\node_modules\selenium-webdriver\lib\promise.js:1077:7)
                    at ControlFlow.promise (C:\Users\srikanthr\AppData\Roaming\npm\node_modules\protractor\node_modules\selenium-webdriver\lib\promise.js:2505:12)
                    at schedulerExecute (C:\Users\srikanthr\AppData\Roaming\npm\node_modules\protractor\node_modules\jasminewd2\index.js:95:18)
                    at TaskQueue.execute_ (C:\Users\srikanthr\AppData\Roaming\npm\node_modules\protractor\node_modules\selenium-webdriver\lib\promise.js:3084:14)
                From: Task: Run it("On saving the story and opening it on  front end comment section should be present in the story") in control flow
                    at UserContext.&lt;anonymous> (C:\Users\srikanthr\AppData\Roaming\npm\node_modules\protractor\node_modules\jasminewd2\index.js:94:19)
                    at attempt (C:\Users\srikanthr\AppData\Roaming\npm\node_modules\protractor\node_modules\jasmine-core\lib\jasmine-core\jasmine.js:4297:26)
                    at QueueRunner.run (C:\Users\srikanthr\AppData\Roaming\npm\node_modules\protractor\node_modules\jasmine-core\lib\jasmine-core\jasmine.js:4217:20)
                    at runNext (C:\Users\srikanthr\AppData\Roaming\npm\node_modules\protractor\node_modules\jasmine-core\lib\jasmine-core\jasmine.js:4257:20)
                    at C:\Users\srikanthr\AppData\Roaming\npm\node_modules\protractor\node_modules\jasmine-core\lib\jasmine-core\jasmine.js:4264:13
                    at C:\Users\srikanthr\AppData\Roaming\npm\node_modules\protractor\node_modules\jasmine-core\lib\jasmine-core\jasmine.js:4172:9
                    at C:\Users\srikanthr\AppData\Roaming\npm\node_modules\protractor\node_modules\jasminewd2\index.js:64:48
                    at ControlFlow.emit (C:\Users\srikanthr\AppData\Roaming\npm\node_modules\protractor\node_modules\selenium-webdriver\lib\events.js:62:21)
                    at ControlFlow.shutdown_ (C:\Users\srikanthr\AppData\Roaming\npm\node_modules\protractor\node_modules\selenium-webdriver\lib\promise.js:2674:10)
                    at shutdownTask_.MicroTask (C:\Users\srikanthr\AppData\Roaming\npm\node_modules\protractor\node_modules\selenium-webdriver\lib\promise.js:2599:53)
                From asynchronous test: 
                Error
                    at Suite.&lt;anonymous> (C:\Users\srikanthr\eclipse-workspace\SnapAutomation-master\src\test\test_spec\template_spec_p2p_newyork.js:417:1)
                    at addSpecsToSuite (C:\Users\srikanthr\AppData\Roaming\npm\node_modules\protractor\node_modules\jasmine-core\lib\jasmine-core\jasmine.js:1107:25)
                    at Env.describe (C:\Users\srikanthr\AppData\Roaming\npm\node_modules\protractor\node_modules\jasmine-core\lib\jasmine-core\jasmine.js:1074:7)
                    at describe (C:\Users\srikanthr\AppData\Roaming\npm\node_modules\protractor\node_modules\jasmine-core\lib\jasmine-core\jasmine.js:4399:18)
                    at Object.&lt;anonymous> (C:\Users\srikanthr\eclipse-workspace\SnapAutomation-master\src\test\test_spec\template_spec_p2p_newyork.js:390:1)
                    at Module._compile (module.js:653:30)
                    at Object.Module._extensions..js (module.js:664:10)
                    at Module.load (module.js:566:32)
                    at tryModuleLoad (module.js:506:12)</stack-trace>
            </failure>
        </test-case>
    </test-cases>
</ns2:test-suite>