<?xml version='1.0'?>
<ns2:test-suite xmlns:ns2='urn:model.allure.qatools.yandex.ru' start='1547705653620' stop='1547705704553'>
    <name>Verify login functionality with valid credentials</name>
    <title>Verify login functionality with valid credentials</title>
    <test-cases>
        <test-case start='1547705653620' status='passed' stop='1547705656583'>
            <name>should enter username and password in Login Page</name>
            <title>should enter username and password in Login Page</title>
            <labels/>
            <parameters/>
            <steps/>
            <attachments>
                <attachment title='Screenshot' source='33da9502-2531-4136-9b1e-3c973031e748-attachment.png' type='image/png' size='190929'/>
            </attachments>
        </test-case>
        <test-case start='1547705656583' status='failed' stop='1547705676123'>
            <name>should verify and enter details for Slack Page</name>
            <title>should verify and enter details for Slack Page</title>
            <labels/>
            <parameters/>
            <steps/>
            <attachments>
                <attachment title='Screenshot' source='c9a01b47-97ff-4b9a-977d-394e625dfd13-attachment.png' type='image/png' size='51856'/>
            </attachments>
            <failure>
                <message>Expected 'https://snap-nydailynews-qa.tribdev.com/' to equal 'https://snap-nydailynews-qa.tribdev.com/login/slack/'.</message>
                <stack-trace>Error: Failed expectation
                    at UserContext.&lt;anonymous> (C:\Users\srikanthr\eclipse-workspace\SnapAutomation-master\src\test\test_spec\login_spec_new_york.js:34:32)
                    at C:\Users\srikanthr\AppData\Roaming\npm\node_modules\protractor\node_modules\jasminewd2\index.js:112:25
                    at new ManagedPromise (C:\Users\srikanthr\AppData\Roaming\npm\node_modules\protractor\node_modules\selenium-webdriver\lib\promise.js:1077:7)
                    at ControlFlow.promise (C:\Users\srikanthr\AppData\Roaming\npm\node_modules\protractor\node_modules\selenium-webdriver\lib\promise.js:2505:12)
                    at schedulerExecute (C:\Users\srikanthr\AppData\Roaming\npm\node_modules\protractor\node_modules\jasminewd2\index.js:95:18)
                    at TaskQueue.execute_ (C:\Users\srikanthr\AppData\Roaming\npm\node_modules\protractor\node_modules\selenium-webdriver\lib\promise.js:3084:14)
                    at TaskQueue.executeNext_ (C:\Users\srikanthr\AppData\Roaming\npm\node_modules\protractor\node_modules\selenium-webdriver\lib\promise.js:3067:27)
                    at asyncRun (C:\Users\srikanthr\AppData\Roaming\npm\node_modules\protractor\node_modules\selenium-webdriver\lib\promise.js:2974:25)
                    at C:\Users\srikanthr\AppData\Roaming\npm\node_modules\protractor\node_modules\selenium-webdriver\lib\promise.js:668:7</stack-trace>
            </failure>
        </test-case>
        <test-case start='1547705676123' status='failed' stop='1547705686571'>
            <name>should enter details on organisational login page</name>
            <title>should enter details on organisational login page</title>
            <labels/>
            <parameters/>
            <steps/>
            <attachments>
                <attachment title='Screenshot' source='3402b046-05be-4771-af55-fafce339d734-attachment.png' type='image/png' size='51856'/>
            </attachments>
            <failure>
                <message>Expected 'SNAP | Home' to equal 'Sign In'.</message>
                <stack-trace>Error: Failed expectation
                    at UserContext.&lt;anonymous> (C:\Users\srikanthr\eclipse-workspace\SnapAutomation-master\src\test\test_spec\login_spec_new_york.js:39:33)
                    at C:\Users\srikanthr\AppData\Roaming\npm\node_modules\protractor\node_modules\jasminewd2\index.js:112:25
                    at new ManagedPromise (C:\Users\srikanthr\AppData\Roaming\npm\node_modules\protractor\node_modules\selenium-webdriver\lib\promise.js:1077:7)
                    at ControlFlow.promise (C:\Users\srikanthr\AppData\Roaming\npm\node_modules\protractor\node_modules\selenium-webdriver\lib\promise.js:2505:12)
                    at schedulerExecute (C:\Users\srikanthr\AppData\Roaming\npm\node_modules\protractor\node_modules\jasminewd2\index.js:95:18)
                    at TaskQueue.execute_ (C:\Users\srikanthr\AppData\Roaming\npm\node_modules\protractor\node_modules\selenium-webdriver\lib\promise.js:3084:14)
                    at TaskQueue.executeNext_ (C:\Users\srikanthr\AppData\Roaming\npm\node_modules\protractor\node_modules\selenium-webdriver\lib\promise.js:3067:27)
                    at asyncRun (C:\Users\srikanthr\AppData\Roaming\npm\node_modules\protractor\node_modules\selenium-webdriver\lib\promise.js:2974:25)
                    at C:\Users\srikanthr\AppData\Roaming\npm\node_modules\protractor\node_modules\selenium-webdriver\lib\promise.js:668:7</stack-trace>
            </failure>
        </test-case>
        <test-case start='1547705686571' status='passed' stop='1547705704553'>
            <name>should verify SNAP home page</name>
            <title>should verify SNAP home page</title>
            <labels/>
            <parameters/>
            <steps/>
            <attachments>
                <attachment title='Screenshot' source='744d106d-5d6d-47e7-8ee2-24ce50c927e4-attachment.png' type='image/png' size='207221'/>
            </attachments>
        </test-case>
    </test-cases>
</ns2:test-suite>