<?xml version='1.0'?>
<ns2:test-suite xmlns:ns2='urn:model.allure.qatools.yandex.ru' start='1547706505660' stop='1547706558933'>
    <name>Verify login functionality with valid credentials</name>
    <title>Verify login functionality with valid credentials</title>
    <test-cases>
        <test-case start='1547706505660' status='failed' stop='1547706515729'>
            <name>should enter username and password in Login Page</name>
            <title>should enter username and password in Login Page</title>
            <labels/>
            <parameters/>
            <steps/>
            <attachments/>
            <failure>
                <message>Failed: no such window: target window already closed
                from unknown error: web view not found
                  (Session info: chrome=71.0.3578.98)
                  (Driver info: chromedriver=2.45.615291 (ec3682e3c9061c10f26ea9e5cdcf3c53f3f74387),platform=Windows NT 10.0.17134 x86_64)</message>
                <stack-trace>NoSuchWindowError: no such window: target window already closed
                from unknown error: web view not found
                  (Session info: chrome=71.0.3578.98)
                  (Driver info: chromedriver=2.45.615291 (ec3682e3c9061c10f26ea9e5cdcf3c53f3f74387),platform=Windows NT 10.0.17134 x86_64)
                    at Object.checkLegacyResponse (C:\Users\srikanthr\AppData\Roaming\npm\node_modules\protractor\node_modules\selenium-webdriver\lib\error.js:546:15)
                    at parseHttpResponse (C:\Users\srikanthr\AppData\Roaming\npm\node_modules\protractor\node_modules\selenium-webdriver\lib\http.js:509:13)
                    at doSend.then.response (C:\Users\srikanthr\AppData\Roaming\npm\node_modules\protractor\node_modules\selenium-webdriver\lib\http.js:441:30)
                    at &lt;anonymous>
                    at process._tickCallback (internal/process/next_tick.js:189:7)
                From: Task: WebDriver.navigate().to(https://snap-latimes-qa.tribdev.com/)
                    at thenableWebDriverProxy.schedule (C:\Users\srikanthr\AppData\Roaming\npm\node_modules\protractor\node_modules\selenium-webdriver\lib\webdriver.js:807:17)
                    at Navigation.to (C:\Users\srikanthr\AppData\Roaming\npm\node_modules\protractor\node_modules\selenium-webdriver\lib\webdriver.js:1133:25)
                    at thenableWebDriverProxy.get (C:\Users\srikanthr\AppData\Roaming\npm\node_modules\protractor\node_modules\selenium-webdriver\lib\webdriver.js:988:28)
                    at ProtractorBrowser.get (C:\Users\srikanthr\AppData\Roaming\npm\node_modules\protractor\built\browser.js:655:32)
                    at BasePage.navigateToURL (C:\Users\srikanthr\eclipse-workspace\SnapAutomation-master\src\test\pages\BasePage.js:4:17)
                    at UserContext.&lt;anonymous> (C:\Users\srikanthr\eclipse-workspace\SnapAutomation-master\src\test\test_spec\login_spec_los_angeles.js:26:24)
                    at C:\Users\srikanthr\AppData\Roaming\npm\node_modules\protractor\node_modules\jasminewd2\index.js:112:25
                    at new ManagedPromise (C:\Users\srikanthr\AppData\Roaming\npm\node_modules\protractor\node_modules\selenium-webdriver\lib\promise.js:1077:7)
                    at ControlFlow.promise (C:\Users\srikanthr\AppData\Roaming\npm\node_modules\protractor\node_modules\selenium-webdriver\lib\promise.js:2505:12)
                    at schedulerExecute (C:\Users\srikanthr\AppData\Roaming\npm\node_modules\protractor\node_modules\jasminewd2\index.js:95:18)
                From: Task: Run it("should enter username and password in Login Page") in control flow
                    at UserContext.&lt;anonymous> (C:\Users\srikanthr\AppData\Roaming\npm\node_modules\protractor\node_modules\jasminewd2\index.js:94:19)
                    at attempt (C:\Users\srikanthr\AppData\Roaming\npm\node_modules\protractor\node_modules\jasmine-core\lib\jasmine-core\jasmine.js:4297:26)
                    at QueueRunner.run (C:\Users\srikanthr\AppData\Roaming\npm\node_modules\protractor\node_modules\jasmine-core\lib\jasmine-core\jasmine.js:4217:20)
                    at runNext (C:\Users\srikanthr\AppData\Roaming\npm\node_modules\protractor\node_modules\jasmine-core\lib\jasmine-core\jasmine.js:4257:20)
                    at C:\Users\srikanthr\AppData\Roaming\npm\node_modules\protractor\node_modules\jasmine-core\lib\jasmine-core\jasmine.js:4264:13
                    at C:\Users\srikanthr\AppData\Roaming\npm\node_modules\protractor\node_modules\jasmine-core\lib\jasmine-core\jasmine.js:4172:9
                    at C:\Users\srikanthr\AppData\Roaming\npm\node_modules\protractor\node_modules\jasminewd2\index.js:64:48
                    at ControlFlow.emit (C:\Users\srikanthr\AppData\Roaming\npm\node_modules\protractor\node_modules\selenium-webdriver\lib\events.js:62:21)
                    at ControlFlow.shutdown_ (C:\Users\srikanthr\AppData\Roaming\npm\node_modules\protractor\node_modules\selenium-webdriver\lib\promise.js:2674:10)
                    at shutdownTask_.MicroTask (C:\Users\srikanthr\AppData\Roaming\npm\node_modules\protractor\node_modules\selenium-webdriver\lib\promise.js:2599:53)
                From asynchronous test: 
                Error
                    at Suite.&lt;anonymous> (C:\Users\srikanthr\eclipse-workspace\SnapAutomation-master\src\test\test_spec\login_spec_los_angeles.js:25:9)
                    at addSpecsToSuite (C:\Users\srikanthr\AppData\Roaming\npm\node_modules\protractor\node_modules\jasmine-core\lib\jasmine-core\jasmine.js:1107:25)
                    at Env.describe (C:\Users\srikanthr\AppData\Roaming\npm\node_modules\protractor\node_modules\jasmine-core\lib\jasmine-core\jasmine.js:1074:7)
                    at describe (C:\Users\srikanthr\AppData\Roaming\npm\node_modules\protractor\node_modules\jasmine-core\lib\jasmine-core\jasmine.js:4399:18)
                    at Object.&lt;anonymous> (C:\Users\srikanthr\eclipse-workspace\SnapAutomation-master\src\test\test_spec\login_spec_los_angeles.js:18:1)
                    at Module._compile (module.js:653:30)
                    at Object.Module._extensions..js (module.js:664:10)
                    at Module.load (module.js:566:32)
                    at tryModuleLoad (module.js:506:12)</stack-trace>
            </failure>
        </test-case>
        <test-case start='1547706515729' status='failed' stop='1547706528805'>
            <name>should verify and enter details for Slack Page</name>
            <title>should verify and enter details for Slack Page</title>
            <labels/>
            <parameters/>
            <steps/>
            <attachments/>
            <failure>
                <message>Failed: no such window: target window already closed
                from unknown error: web view not found
                  (Session info: chrome=71.0.3578.98)
                  (Driver info: chromedriver=2.45.615291 (ec3682e3c9061c10f26ea9e5cdcf3c53f3f74387),platform=Windows NT 10.0.17134 x86_64)</message>
                <stack-trace>NoSuchWindowError: no such window: target window already closed
                from unknown error: web view not found
                  (Session info: chrome=71.0.3578.98)
                  (Driver info: chromedriver=2.45.615291 (ec3682e3c9061c10f26ea9e5cdcf3c53f3f74387),platform=Windows NT 10.0.17134 x86_64)
                    at Object.checkLegacyResponse (C:\Users\srikanthr\AppData\Roaming\npm\node_modules\protractor\node_modules\selenium-webdriver\lib\error.js:546:15)
                    at parseHttpResponse (C:\Users\srikanthr\AppData\Roaming\npm\node_modules\protractor\node_modules\selenium-webdriver\lib\http.js:509:13)
                    at doSend.then.response (C:\Users\srikanthr\AppData\Roaming\npm\node_modules\protractor\node_modules\selenium-webdriver\lib\http.js:441:30)
                    at &lt;anonymous>
                    at process._tickCallback (internal/process/next_tick.js:189:7)
                From: Task: WebDriver.getCurrentUrl()
                    at thenableWebDriverProxy.schedule (C:\Users\srikanthr\AppData\Roaming\npm\node_modules\protractor\node_modules\selenium-webdriver\lib\webdriver.js:807:17)
                    at thenableWebDriverProxy.getCurrentUrl (C:\Users\srikanthr\AppData\Roaming\npm\node_modules\protractor\node_modules\selenium-webdriver\lib\webdriver.js:993:17)
                    at BasePage.getCurrentURL (C:\Users\srikanthr\eclipse-workspace\SnapAutomation-master\src\test\pages\BasePage.js:10:31)
                    at UserContext.&lt;anonymous> (C:\Users\srikanthr\eclipse-workspace\SnapAutomation-master\src\test\test_spec\login_spec_los_angeles.js:33:41)
                    at C:\Users\srikanthr\AppData\Roaming\npm\node_modules\protractor\node_modules\jasminewd2\index.js:112:25
                    at new ManagedPromise (C:\Users\srikanthr\AppData\Roaming\npm\node_modules\protractor\node_modules\selenium-webdriver\lib\promise.js:1077:7)
                    at ControlFlow.promise (C:\Users\srikanthr\AppData\Roaming\npm\node_modules\protractor\node_modules\selenium-webdriver\lib\promise.js:2505:12)
                    at schedulerExecute (C:\Users\srikanthr\AppData\Roaming\npm\node_modules\protractor\node_modules\jasminewd2\index.js:95:18)
                    at TaskQueue.execute_ (C:\Users\srikanthr\AppData\Roaming\npm\node_modules\protractor\node_modules\selenium-webdriver\lib\promise.js:3084:14)
                    at TaskQueue.executeNext_ (C:\Users\srikanthr\AppData\Roaming\npm\node_modules\protractor\node_modules\selenium-webdriver\lib\promise.js:3067:27)
                From: Task: Run it("should verify and enter details for Slack Page") in control flow
                    at UserContext.&lt;anonymous> (C:\Users\srikanthr\AppData\Roaming\npm\node_modules\protractor\node_modules\jasminewd2\index.js:94:19)
                    at attempt (C:\Users\srikanthr\AppData\Roaming\npm\node_modules\protractor\node_modules\jasmine-core\lib\jasmine-core\jasmine.js:4297:26)
                    at QueueRunner.run (C:\Users\srikanthr\AppData\Roaming\npm\node_modules\protractor\node_modules\jasmine-core\lib\jasmine-core\jasmine.js:4217:20)
                    at runNext (C:\Users\srikanthr\AppData\Roaming\npm\node_modules\protractor\node_modules\jasmine-core\lib\jasmine-core\jasmine.js:4257:20)
                    at C:\Users\srikanthr\AppData\Roaming\npm\node_modules\protractor\node_modules\jasmine-core\lib\jasmine-core\jasmine.js:4264:13
                    at C:\Users\srikanthr\AppData\Roaming\npm\node_modules\protractor\node_modules\jasmine-core\lib\jasmine-core\jasmine.js:4172:9
                    at C:\Users\srikanthr\AppData\Roaming\npm\node_modules\protractor\node_modules\jasminewd2\index.js:64:48
                    at ControlFlow.emit (C:\Users\srikanthr\AppData\Roaming\npm\node_modules\protractor\node_modules\selenium-webdriver\lib\events.js:62:21)
                    at ControlFlow.shutdown_ (C:\Users\srikanthr\AppData\Roaming\npm\node_modules\protractor\node_modules\selenium-webdriver\lib\promise.js:2674:10)
                    at shutdownTask_.MicroTask (C:\Users\srikanthr\AppData\Roaming\npm\node_modules\protractor\node_modules\selenium-webdriver\lib\promise.js:2599:53)
                From asynchronous test: 
                Error
                    at Suite.&lt;anonymous> (C:\Users\srikanthr\eclipse-workspace\SnapAutomation-master\src\test\test_spec\login_spec_los_angeles.js:31:9)
                    at addSpecsToSuite (C:\Users\srikanthr\AppData\Roaming\npm\node_modules\protractor\node_modules\jasmine-core\lib\jasmine-core\jasmine.js:1107:25)
                    at Env.describe (C:\Users\srikanthr\AppData\Roaming\npm\node_modules\protractor\node_modules\jasmine-core\lib\jasmine-core\jasmine.js:1074:7)
                    at describe (C:\Users\srikanthr\AppData\Roaming\npm\node_modules\protractor\node_modules\jasmine-core\lib\jasmine-core\jasmine.js:4399:18)
                    at Object.&lt;anonymous> (C:\Users\srikanthr\eclipse-workspace\SnapAutomation-master\src\test\test_spec\login_spec_los_angeles.js:18:1)
                    at Module._compile (module.js:653:30)
                    at Object.Module._extensions..js (module.js:664:10)
                    at Module.load (module.js:566:32)
                    at tryModuleLoad (module.js:506:12)</stack-trace>
            </failure>
        </test-case>
        <test-case start='1547706528805' status='failed' stop='1547706538870'>
            <name>should enter details on organisational login page</name>
            <title>should enter details on organisational login page</title>
            <labels/>
            <parameters/>
            <steps/>
            <attachments/>
            <failure>
                <message>Failed: no such window: target window already closed
                from unknown error: web view not found
                  (Session info: chrome=71.0.3578.98)
                  (Driver info: chromedriver=2.45.615291 (ec3682e3c9061c10f26ea9e5cdcf3c53f3f74387),platform=Windows NT 10.0.17134 x86_64)</message>
                <stack-trace>NoSuchWindowError: no such window: target window already closed
                from unknown error: web view not found
                  (Session info: chrome=71.0.3578.98)
                  (Driver info: chromedriver=2.45.615291 (ec3682e3c9061c10f26ea9e5cdcf3c53f3f74387),platform=Windows NT 10.0.17134 x86_64)
                    at Object.checkLegacyResponse (C:\Users\srikanthr\AppData\Roaming\npm\node_modules\protractor\node_modules\selenium-webdriver\lib\error.js:546:15)
                    at parseHttpResponse (C:\Users\srikanthr\AppData\Roaming\npm\node_modules\protractor\node_modules\selenium-webdriver\lib\http.js:509:13)
                    at doSend.then.response (C:\Users\srikanthr\AppData\Roaming\npm\node_modules\protractor\node_modules\selenium-webdriver\lib\http.js:441:30)
                    at &lt;anonymous>
                    at process._tickCallback (internal/process/next_tick.js:189:7)
                From: Task: WebDriver.getTitle()
                    at thenableWebDriverProxy.schedule (C:\Users\srikanthr\AppData\Roaming\npm\node_modules\protractor\node_modules\selenium-webdriver\lib\webdriver.js:807:17)
                    at thenableWebDriverProxy.getTitle (C:\Users\srikanthr\AppData\Roaming\npm\node_modules\protractor\node_modules\selenium-webdriver\lib\webdriver.js:1000:17)
                    at run (C:\Users\srikanthr\AppData\Roaming\npm\node_modules\protractor\built\browser.js:59:33)
                    at ManagedPromise.invokeCallback_ (C:\Users\srikanthr\AppData\Roaming\npm\node_modules\protractor\node_modules\selenium-webdriver\lib\promise.js:1376:14)
                    at TaskQueue.execute_ (C:\Users\srikanthr\AppData\Roaming\npm\node_modules\protractor\node_modules\selenium-webdriver\lib\promise.js:3084:14)
                    at TaskQueue.executeNext_ (C:\Users\srikanthr\AppData\Roaming\npm\node_modules\protractor\node_modules\selenium-webdriver\lib\promise.js:3067:27)
                    at asyncRun (C:\Users\srikanthr\AppData\Roaming\npm\node_modules\protractor\node_modules\selenium-webdriver\lib\promise.js:2927:27)
                    at C:\Users\srikanthr\AppData\Roaming\npm\node_modules\protractor\node_modules\selenium-webdriver\lib\promise.js:668:7
                    at &lt;anonymous>
                    at process._tickCallback (internal/process/next_tick.js:189:7)
                From: Task: Run it("should enter details on organisational login page") in control flow
                    at UserContext.&lt;anonymous> (C:\Users\srikanthr\AppData\Roaming\npm\node_modules\protractor\node_modules\jasminewd2\index.js:94:19)
                    at attempt (C:\Users\srikanthr\AppData\Roaming\npm\node_modules\protractor\node_modules\jasmine-core\lib\jasmine-core\jasmine.js:4297:26)
                    at QueueRunner.run (C:\Users\srikanthr\AppData\Roaming\npm\node_modules\protractor\node_modules\jasmine-core\lib\jasmine-core\jasmine.js:4217:20)
                    at runNext (C:\Users\srikanthr\AppData\Roaming\npm\node_modules\protractor\node_modules\jasmine-core\lib\jasmine-core\jasmine.js:4257:20)
                    at C:\Users\srikanthr\AppData\Roaming\npm\node_modules\protractor\node_modules\jasmine-core\lib\jasmine-core\jasmine.js:4264:13
                    at C:\Users\srikanthr\AppData\Roaming\npm\node_modules\protractor\node_modules\jasmine-core\lib\jasmine-core\jasmine.js:4172:9
                    at C:\Users\srikanthr\AppData\Roaming\npm\node_modules\protractor\node_modules\jasminewd2\index.js:64:48
                    at ControlFlow.emit (C:\Users\srikanthr\AppData\Roaming\npm\node_modules\protractor\node_modules\selenium-webdriver\lib\events.js:62:21)
                    at ControlFlow.shutdown_ (C:\Users\srikanthr\AppData\Roaming\npm\node_modules\protractor\node_modules\selenium-webdriver\lib\promise.js:2674:10)
                    at shutdownTask_.MicroTask (C:\Users\srikanthr\AppData\Roaming\npm\node_modules\protractor\node_modules\selenium-webdriver\lib\promise.js:2599:53)
                From asynchronous test: 
                Error
                    at Suite.&lt;anonymous> (C:\Users\srikanthr\eclipse-workspace\SnapAutomation-master\src\test\test_spec\login_spec_los_angeles.js:37:9)
                    at addSpecsToSuite (C:\Users\srikanthr\AppData\Roaming\npm\node_modules\protractor\node_modules\jasmine-core\lib\jasmine-core\jasmine.js:1107:25)
                    at Env.describe (C:\Users\srikanthr\AppData\Roaming\npm\node_modules\protractor\node_modules\jasmine-core\lib\jasmine-core\jasmine.js:1074:7)
                    at describe (C:\Users\srikanthr\AppData\Roaming\npm\node_modules\protractor\node_modules\jasmine-core\lib\jasmine-core\jasmine.js:4399:18)
                    at Object.&lt;anonymous> (C:\Users\srikanthr\eclipse-workspace\SnapAutomation-master\src\test\test_spec\login_spec_los_angeles.js:18:1)
                    at Module._compile (module.js:653:30)
                    at Object.Module._extensions..js (module.js:664:10)
                    at Module.load (module.js:566:32)
                    at tryModuleLoad (module.js:506:12)</stack-trace>
            </failure>
        </test-case>
        <test-case start='1547706538870' status='failed' stop='1547706558933'>
            <name>should verify SNAP home page</name>
            <title>should verify SNAP home page</title>
            <labels/>
            <parameters/>
            <steps/>
            <attachments/>
            <failure>
                <message>Failed: no such window: target window already closed
                from unknown error: web view not found
                  (Session info: chrome=71.0.3578.98)
                  (Driver info: chromedriver=2.45.615291 (ec3682e3c9061c10f26ea9e5cdcf3c53f3f74387),platform=Windows NT 10.0.17134 x86_64)</message>
                <stack-trace>NoSuchWindowError: no such window: target window already closed
                from unknown error: web view not found
                  (Session info: chrome=71.0.3578.98)
                  (Driver info: chromedriver=2.45.615291 (ec3682e3c9061c10f26ea9e5cdcf3c53f3f74387),platform=Windows NT 10.0.17134 x86_64)
                    at Object.checkLegacyResponse (C:\Users\srikanthr\AppData\Roaming\npm\node_modules\protractor\node_modules\selenium-webdriver\lib\error.js:546:15)
                    at parseHttpResponse (C:\Users\srikanthr\AppData\Roaming\npm\node_modules\protractor\node_modules\selenium-webdriver\lib\http.js:509:13)
                    at doSend.then.response (C:\Users\srikanthr\AppData\Roaming\npm\node_modules\protractor\node_modules\selenium-webdriver\lib\http.js:441:30)
                    at &lt;anonymous>
                    at process._tickCallback (internal/process/next_tick.js:189:7)
                From: Task: WebDriver.getTitle()
                    at thenableWebDriverProxy.schedule (C:\Users\srikanthr\AppData\Roaming\npm\node_modules\protractor\node_modules\selenium-webdriver\lib\webdriver.js:807:17)
                    at thenableWebDriverProxy.getTitle (C:\Users\srikanthr\AppData\Roaming\npm\node_modules\protractor\node_modules\selenium-webdriver\lib\webdriver.js:1000:17)
                    at run (C:\Users\srikanthr\AppData\Roaming\npm\node_modules\protractor\built\browser.js:59:33)
                    at ManagedPromise.invokeCallback_ (C:\Users\srikanthr\AppData\Roaming\npm\node_modules\protractor\node_modules\selenium-webdriver\lib\promise.js:1376:14)
                    at TaskQueue.execute_ (C:\Users\srikanthr\AppData\Roaming\npm\node_modules\protractor\node_modules\selenium-webdriver\lib\promise.js:3084:14)
                    at TaskQueue.executeNext_ (C:\Users\srikanthr\AppData\Roaming\npm\node_modules\protractor\node_modules\selenium-webdriver\lib\promise.js:3067:27)
                    at asyncRun (C:\Users\srikanthr\AppData\Roaming\npm\node_modules\protractor\node_modules\selenium-webdriver\lib\promise.js:2927:27)
                    at C:\Users\srikanthr\AppData\Roaming\npm\node_modules\protractor\node_modules\selenium-webdriver\lib\promise.js:668:7
                    at &lt;anonymous>
                From: Task: Run it("should verify SNAP home page") in control flow
                    at UserContext.&lt;anonymous> (C:\Users\srikanthr\AppData\Roaming\npm\node_modules\protractor\node_modules\jasminewd2\index.js:94:19)
                    at attempt (C:\Users\srikanthr\AppData\Roaming\npm\node_modules\protractor\node_modules\jasmine-core\lib\jasmine-core\jasmine.js:4297:26)
                    at QueueRunner.run (C:\Users\srikanthr\AppData\Roaming\npm\node_modules\protractor\node_modules\jasmine-core\lib\jasmine-core\jasmine.js:4217:20)
                    at runNext (C:\Users\srikanthr\AppData\Roaming\npm\node_modules\protractor\node_modules\jasmine-core\lib\jasmine-core\jasmine.js:4257:20)
                    at C:\Users\srikanthr\AppData\Roaming\npm\node_modules\protractor\node_modules\jasmine-core\lib\jasmine-core\jasmine.js:4264:13
                    at C:\Users\srikanthr\AppData\Roaming\npm\node_modules\protractor\node_modules\jasmine-core\lib\jasmine-core\jasmine.js:4172:9
                    at C:\Users\srikanthr\AppData\Roaming\npm\node_modules\protractor\node_modules\jasminewd2\index.js:64:48
                    at ControlFlow.emit (C:\Users\srikanthr\AppData\Roaming\npm\node_modules\protractor\node_modules\selenium-webdriver\lib\events.js:62:21)
                    at ControlFlow.shutdown_ (C:\Users\srikanthr\AppData\Roaming\npm\node_modules\protractor\node_modules\selenium-webdriver\lib\promise.js:2674:10)
                    at shutdownTask_.MicroTask (C:\Users\srikanthr\AppData\Roaming\npm\node_modules\protractor\node_modules\selenium-webdriver\lib\promise.js:2599:53)
                From asynchronous test: 
                Error
                    at Suite.&lt;anonymous> (C:\Users\srikanthr\eclipse-workspace\SnapAutomation-master\src\test\test_spec\login_spec_los_angeles.js:42:9)
                    at addSpecsToSuite (C:\Users\srikanthr\AppData\Roaming\npm\node_modules\protractor\node_modules\jasmine-core\lib\jasmine-core\jasmine.js:1107:25)
                    at Env.describe (C:\Users\srikanthr\AppData\Roaming\npm\node_modules\protractor\node_modules\jasmine-core\lib\jasmine-core\jasmine.js:1074:7)
                    at describe (C:\Users\srikanthr\AppData\Roaming\npm\node_modules\protractor\node_modules\jasmine-core\lib\jasmine-core\jasmine.js:4399:18)
                    at Object.&lt;anonymous> (C:\Users\srikanthr\eclipse-workspace\SnapAutomation-master\src\test\test_spec\login_spec_los_angeles.js:18:1)
                    at Module._compile (module.js:653:30)
                    at Object.Module._extensions..js (module.js:664:10)
                    at Module.load (module.js:566:32)
                    at tryModuleLoad (module.js:506:12)</stack-trace>
            </failure>
        </test-case>
    </test-cases>
</ns2:test-suite>