<?xml version='1.0'?>
<ns2:test-suite xmlns:ns2='urn:model.allure.qatools.yandex.ru' start='1543346333601' stop='1543346404412'>
    <name>Verify that user is able to add multiple byliness</name>
    <title>Verify that user is able to add multiple byliness</title>
    <test-cases>
        <test-case start='1543346333601' status='failed' stop='1543346333668'>
            <name>Launch and login  Tribune Application</name>
            <title>Launch and login  Tribune Application</title>
            <labels/>
            <parameters/>
            <steps/>
            <attachments/>
            <failure>
                <message>Failed: unexpected alert open: {Alert text : }
                  (Session info: chrome=70.0.3538.102)
                  (Driver info: chromedriver=2.44.609538 (b655c5a60b0b544917107a59d4153d4bf78e1b90),platform=Windows NT 10.0.17134 x86_64)</message>
                <stack-trace>UnexpectedAlertOpenError: unexpected alert open: {Alert text : }
                  (Session info: chrome=70.0.3538.102)
                  (Driver info: chromedriver=2.44.609538 (b655c5a60b0b544917107a59d4153d4bf78e1b90),platform=Windows NT 10.0.17134 x86_64)
                    at Object.checkLegacyResponse (C:\Users\srikanthr\AppData\Roaming\npm\node_modules\protractor\node_modules\selenium-webdriver\lib\error.js:553:13)
                    at parseHttpResponse (C:\Users\srikanthr\AppData\Roaming\npm\node_modules\protractor\node_modules\selenium-webdriver\lib\http.js:509:13)
                    at doSend.then.response (C:\Users\srikanthr\AppData\Roaming\npm\node_modules\protractor\node_modules\selenium-webdriver\lib\http.js:441:30)
                    at &lt;anonymous>
                    at process._tickCallback (internal/process/next_tick.js:189:7)
                From: Task: WebDriver.findElements(By(css selector, input[name='username']))
                    at thenableWebDriverProxy.schedule (C:\Users\srikanthr\AppData\Roaming\npm\node_modules\protractor\node_modules\selenium-webdriver\lib\webdriver.js:807:17)
                    at thenableWebDriverProxy.findElements (C:\Users\srikanthr\AppData\Roaming\npm\node_modules\protractor\node_modules\selenium-webdriver\lib\webdriver.js:1048:19)
                    at ptor.waitForAngular.then (C:\Users\srikanthr\AppData\Roaming\npm\node_modules\protractor\built\element.js:159:44)
                    at ManagedPromise.invokeCallback_ (C:\Users\srikanthr\AppData\Roaming\npm\node_modules\protractor\node_modules\selenium-webdriver\lib\promise.js:1376:14)
                    at TaskQueue.execute_ (C:\Users\srikanthr\AppData\Roaming\npm\node_modules\protractor\node_modules\selenium-webdriver\lib\promise.js:3084:14)
                    at TaskQueue.executeNext_ (C:\Users\srikanthr\AppData\Roaming\npm\node_modules\protractor\node_modules\selenium-webdriver\lib\promise.js:3067:27)
                    at asyncRun (C:\Users\srikanthr\AppData\Roaming\npm\node_modules\protractor\node_modules\selenium-webdriver\lib\promise.js:2927:27)
                    at C:\Users\srikanthr\AppData\Roaming\npm\node_modules\protractor\node_modules\selenium-webdriver\lib\promise.js:668:7
                    at &lt;anonymous>
                    at process._tickCallback (internal/process/next_tick.js:189:7)Error
                    at ElementArrayFinder.applyAction_ (C:\Users\srikanthr\AppData\Roaming\npm\node_modules\protractor\built\element.js:459:27)
                    at ElementArrayFinder.(anonymous function).args [as sendKeys] (C:\Users\srikanthr\AppData\Roaming\npm\node_modules\protractor\built\element.js:91:29)
                    at ElementFinder.(anonymous function).args [as sendKeys] (C:\Users\srikanthr\AppData\Roaming\npm\node_modules\protractor\built\element.js:831:22)
                    at LoginPage.enterDetails (C:\Users\srikanthr\eclipse-workspace\SnapAutomation-master\src\test\pages\LoginPage.js:7:57)
                    at UserContext.&lt;anonymous> (C:\Users\srikanthr\eclipse-workspace\SnapAutomation-master\src\test\test_spec\template_spec_p2p_newyork.js:210:13)
                    at C:\Users\srikanthr\AppData\Roaming\npm\node_modules\protractor\node_modules\jasminewd2\index.js:112:25
                    at new ManagedPromise (C:\Users\srikanthr\AppData\Roaming\npm\node_modules\protractor\node_modules\selenium-webdriver\lib\promise.js:1077:7)
                    at ControlFlow.promise (C:\Users\srikanthr\AppData\Roaming\npm\node_modules\protractor\node_modules\selenium-webdriver\lib\promise.js:2505:12)
                    at schedulerExecute (C:\Users\srikanthr\AppData\Roaming\npm\node_modules\protractor\node_modules\jasminewd2\index.js:95:18)
                    at TaskQueue.execute_ (C:\Users\srikanthr\AppData\Roaming\npm\node_modules\protractor\node_modules\selenium-webdriver\lib\promise.js:3084:14)
                From: Task: Run it("Launch and login  Tribune Application") in control flow
                    at UserContext.&lt;anonymous> (C:\Users\srikanthr\AppData\Roaming\npm\node_modules\protractor\node_modules\jasminewd2\index.js:94:19)
                    at attempt (C:\Users\srikanthr\AppData\Roaming\npm\node_modules\protractor\node_modules\jasmine-core\lib\jasmine-core\jasmine.js:4297:26)
                    at QueueRunner.run (C:\Users\srikanthr\AppData\Roaming\npm\node_modules\protractor\node_modules\jasmine-core\lib\jasmine-core\jasmine.js:4217:20)
                    at QueueRunner.execute (C:\Users\srikanthr\AppData\Roaming\npm\node_modules\protractor\node_modules\jasmine-core\lib\jasmine-core\jasmine.js:4199:10)
                    at Spec.queueRunnerFactory (C:\Users\srikanthr\AppData\Roaming\npm\node_modules\protractor\node_modules\jasmine-core\lib\jasmine-core\jasmine.js:909:35)
                    at Spec.execute (C:\Users\srikanthr\AppData\Roaming\npm\node_modules\protractor\node_modules\jasmine-core\lib\jasmine-core\jasmine.js:526:10)
                    at UserContext.fn (C:\Users\srikanthr\AppData\Roaming\npm\node_modules\protractor\node_modules\jasmine-core\lib\jasmine-core\jasmine.js:5340:37)
                    at attempt (C:\Users\srikanthr\AppData\Roaming\npm\node_modules\protractor\node_modules\jasmine-core\lib\jasmine-core\jasmine.js:4297:26)
                    at QueueRunner.run (C:\Users\srikanthr\AppData\Roaming\npm\node_modules\protractor\node_modules\jasmine-core\lib\jasmine-core\jasmine.js:4217:20)
                    at QueueRunner.execute (C:\Users\srikanthr\AppData\Roaming\npm\node_modules\protractor\node_modules\jasmine-core\lib\jasmine-core\jasmine.js:4199:10)
                From asynchronous test: 
                Error
                    at Suite.&lt;anonymous> (C:\Users\srikanthr\eclipse-workspace\SnapAutomation-master\src\test\test_spec\template_spec_p2p_newyork.js:206:2)
                    at addSpecsToSuite (C:\Users\srikanthr\AppData\Roaming\npm\node_modules\protractor\node_modules\jasmine-core\lib\jasmine-core\jasmine.js:1107:25)
                    at Env.describe (C:\Users\srikanthr\AppData\Roaming\npm\node_modules\protractor\node_modules\jasmine-core\lib\jasmine-core\jasmine.js:1074:7)
                    at describe (C:\Users\srikanthr\AppData\Roaming\npm\node_modules\protractor\node_modules\jasmine-core\lib\jasmine-core\jasmine.js:4399:18)
                    at Object.&lt;anonymous> (C:\Users\srikanthr\eclipse-workspace\SnapAutomation-master\src\test\test_spec\template_spec_p2p_newyork.js:204:1)
                    at Module._compile (module.js:653:30)
                    at Object.Module._extensions..js (module.js:664:10)
                    at Module.load (module.js:566:32)
                    at tryModuleLoad (module.js:506:12)</stack-trace>
            </failure>
        </test-case>
        <test-case start='1543346333668' status='passed' stop='1543346345874'>
            <name>should create a new template</name>
            <title>should create a new template</title>
            <labels/>
            <parameters/>
            <steps/>
            <attachments>
                <attachment title='Screenshot' source='5adcf5ab-9a35-431c-9f65-52a3f1219a0a-attachment.png' type='image/png' size='83762'/>
            </attachments>
        </test-case>
        <test-case start='1543346345874' status='failed' stop='1543346404411'>
            <name>enter the Byline value</name>
            <title>enter the Byline value</title>
            <labels/>
            <parameters/>
            <steps/>
            <attachments>
                <attachment title='Screenshot' source='e9e54545-1dc0-4159-ba81-4a6387d2c007-attachment.png' type='image/png' size='79430'/>
            </attachments>
            <failure>
                <message>Failed: No element found using locator: By(xpath, //span[contains(text(),'By')])</message>
                <stack-trace>NoSuchElementError: No element found using locator: By(xpath, //span[contains(text(),'By')])
                    at elementArrayFinder.getWebElements.then (C:\Users\srikanthr\AppData\Roaming\npm\node_modules\protractor\built\element.js:814:27)
                    at ManagedPromise.invokeCallback_ (C:\Users\srikanthr\AppData\Roaming\npm\node_modules\protractor\node_modules\selenium-webdriver\lib\promise.js:1376:14)
                    at TaskQueue.execute_ (C:\Users\srikanthr\AppData\Roaming\npm\node_modules\protractor\node_modules\selenium-webdriver\lib\promise.js:3084:14)
                    at TaskQueue.executeNext_ (C:\Users\srikanthr\AppData\Roaming\npm\node_modules\protractor\node_modules\selenium-webdriver\lib\promise.js:3067:27)
                    at asyncRun (C:\Users\srikanthr\AppData\Roaming\npm\node_modules\protractor\node_modules\selenium-webdriver\lib\promise.js:2927:27)
                    at C:\Users\srikanthr\AppData\Roaming\npm\node_modules\protractor\node_modules\selenium-webdriver\lib\promise.js:668:7
                    at &lt;anonymous>
                    at process._tickCallback (internal/process/next_tick.js:189:7)Error
                    at ElementArrayFinder.applyAction_ (C:\Users\srikanthr\AppData\Roaming\npm\node_modules\protractor\built\element.js:459:27)
                    at ElementArrayFinder.(anonymous function).args [as isDisplayed] (C:\Users\srikanthr\AppData\Roaming\npm\node_modules\protractor\built\element.js:91:29)
                    at ElementFinder.(anonymous function).args [as isDisplayed] (C:\Users\srikanthr\AppData\Roaming\npm\node_modules\protractor\built\element.js:831:22)
                    at TemplatePage.verifyBylinePreview1 (C:\Users\srikanthr\eclipse-workspace\SnapAutomation-master\src\test\pages\TemplatePage.js:234:64)
                    at UserContext.&lt;anonymous> (C:\Users\srikanthr\eclipse-workspace\SnapAutomation-master\src\test\test_spec\template_spec_p2p_newyork.js:231:16)
                    at C:\Users\srikanthr\AppData\Roaming\npm\node_modules\protractor\node_modules\jasminewd2\index.js:112:25
                    at new ManagedPromise (C:\Users\srikanthr\AppData\Roaming\npm\node_modules\protractor\node_modules\selenium-webdriver\lib\promise.js:1077:7)
                    at ControlFlow.promise (C:\Users\srikanthr\AppData\Roaming\npm\node_modules\protractor\node_modules\selenium-webdriver\lib\promise.js:2505:12)
                    at schedulerExecute (C:\Users\srikanthr\AppData\Roaming\npm\node_modules\protractor\node_modules\jasminewd2\index.js:95:18)
                    at TaskQueue.execute_ (C:\Users\srikanthr\AppData\Roaming\npm\node_modules\protractor\node_modules\selenium-webdriver\lib\promise.js:3084:14)
                From: Task: Run it("enter the Byline value") in control flow
                    at UserContext.&lt;anonymous> (C:\Users\srikanthr\AppData\Roaming\npm\node_modules\protractor\node_modules\jasminewd2\index.js:94:19)
                    at attempt (C:\Users\srikanthr\AppData\Roaming\npm\node_modules\protractor\node_modules\jasmine-core\lib\jasmine-core\jasmine.js:4297:26)
                    at QueueRunner.run (C:\Users\srikanthr\AppData\Roaming\npm\node_modules\protractor\node_modules\jasmine-core\lib\jasmine-core\jasmine.js:4217:20)
                    at QueueRunner.execute (C:\Users\srikanthr\AppData\Roaming\npm\node_modules\protractor\node_modules\jasmine-core\lib\jasmine-core\jasmine.js:4199:10)
                    at Spec.queueRunnerFactory (C:\Users\srikanthr\AppData\Roaming\npm\node_modules\protractor\node_modules\jasmine-core\lib\jasmine-core\jasmine.js:909:35)
                    at Spec.execute (C:\Users\srikanthr\AppData\Roaming\npm\node_modules\protractor\node_modules\jasmine-core\lib\jasmine-core\jasmine.js:526:10)
                    at UserContext.fn (C:\Users\srikanthr\AppData\Roaming\npm\node_modules\protractor\node_modules\jasmine-core\lib\jasmine-core\jasmine.js:5340:37)
                    at attempt (C:\Users\srikanthr\AppData\Roaming\npm\node_modules\protractor\node_modules\jasmine-core\lib\jasmine-core\jasmine.js:4297:26)
                    at QueueRunner.run (C:\Users\srikanthr\AppData\Roaming\npm\node_modules\protractor\node_modules\jasmine-core\lib\jasmine-core\jasmine.js:4217:20)
                    at runNext (C:\Users\srikanthr\AppData\Roaming\npm\node_modules\protractor\node_modules\jasmine-core\lib\jasmine-core\jasmine.js:4257:20)
                From asynchronous test: 
                Error
                    at Suite.&lt;anonymous> (C:\Users\srikanthr\eclipse-workspace\SnapAutomation-master\src\test\test_spec\template_spec_p2p_newyork.js:222:2)
                    at addSpecsToSuite (C:\Users\srikanthr\AppData\Roaming\npm\node_modules\protractor\node_modules\jasmine-core\lib\jasmine-core\jasmine.js:1107:25)
                    at Env.describe (C:\Users\srikanthr\AppData\Roaming\npm\node_modules\protractor\node_modules\jasmine-core\lib\jasmine-core\jasmine.js:1074:7)
                    at describe (C:\Users\srikanthr\AppData\Roaming\npm\node_modules\protractor\node_modules\jasmine-core\lib\jasmine-core\jasmine.js:4399:18)
                    at Object.&lt;anonymous> (C:\Users\srikanthr\eclipse-workspace\SnapAutomation-master\src\test\test_spec\template_spec_p2p_newyork.js:204:1)
                    at Module._compile (module.js:653:30)
                    at Object.Module._extensions..js (module.js:664:10)
                    at Module.load (module.js:566:32)
                    at tryModuleLoad (module.js:506:12)</stack-trace>
            </failure>
        </test-case>
    </test-cases>
</ns2:test-suite>