<?xml version='1.0'?>
<ns2:test-suite xmlns:ns2='urn:model.allure.qatools.yandex.ru' start='1547027650864' stop='1547027728371'>
    <name>Verify that user is able to comment on the story by selecting Hide option in Comment dropdown</name>
    <title>Verify that user is able to comment on the story by selecting Hide option in Comment dropdown</title>
    <test-cases>
        <test-case start='1547027650864' status='failed' stop='1547027708180'>
            <name>On Clicking Create Story From the Template user should be navigated to story creation page and Comment dropdown should be set to Show by default</name>
            <title>On Clicking Create Story From the Template user should be navigated to story creation page and Comment dropdown should be set to Show by default</title>
            <labels/>
            <parameters/>
            <steps/>
            <attachments>
                <attachment title='Screenshot' source='1566d723-daac-458d-ab88-aef16a4dcb99-attachment.png' type='image/png' size='70494'/>
            </attachments>
            <failure>
                <message>Failed: No element found using locator: By(xpath, //i[@id='home'])</message>
                <stack-trace>NoSuchElementError: No element found using locator: By(xpath, //i[@id='home'])
                    at elementArrayFinder.getWebElements.then (C:\Users\srikanthr\AppData\Roaming\npm\node_modules\protractor\built\element.js:814:27)
                    at ManagedPromise.invokeCallback_ (C:\Users\srikanthr\AppData\Roaming\npm\node_modules\protractor\node_modules\selenium-webdriver\lib\promise.js:1376:14)
                    at TaskQueue.execute_ (C:\Users\srikanthr\AppData\Roaming\npm\node_modules\protractor\node_modules\selenium-webdriver\lib\promise.js:3084:14)
                    at TaskQueue.executeNext_ (C:\Users\srikanthr\AppData\Roaming\npm\node_modules\protractor\node_modules\selenium-webdriver\lib\promise.js:3067:27)
                    at asyncRun (C:\Users\srikanthr\AppData\Roaming\npm\node_modules\protractor\node_modules\selenium-webdriver\lib\promise.js:2927:27)
                    at C:\Users\srikanthr\AppData\Roaming\npm\node_modules\protractor\node_modules\selenium-webdriver\lib\promise.js:668:7
                    at &lt;anonymous>
                    at process._tickCallback (internal/process/next_tick.js:189:7)Error
                    at ElementArrayFinder.applyAction_ (C:\Users\srikanthr\AppData\Roaming\npm\node_modules\protractor\built\element.js:459:27)
                    at ElementArrayFinder.(anonymous function).args [as click] (C:\Users\srikanthr\AppData\Roaming\npm\node_modules\protractor\built\element.js:91:29)
                    at ElementFinder.(anonymous function).args [as click] (C:\Users\srikanthr\AppData\Roaming\npm\node_modules\protractor\built\element.js:831:22)
                    at TemplatePage.verifySnapHomePage (C:\Users\srikanthr\eclipse-workspace\SnapAutomation-master\src\test\pages\TemplatePage.js:330:66)
                    at UserContext.&lt;anonymous> (C:\Users\srikanthr\eclipse-workspace\SnapAutomation-master\src\test\test_spec\template_spec_p2p_newyork.js:450:16)
                    at C:\Users\srikanthr\AppData\Roaming\npm\node_modules\protractor\node_modules\jasminewd2\index.js:112:25
                    at new ManagedPromise (C:\Users\srikanthr\AppData\Roaming\npm\node_modules\protractor\node_modules\selenium-webdriver\lib\promise.js:1077:7)
                    at ControlFlow.promise (C:\Users\srikanthr\AppData\Roaming\npm\node_modules\protractor\node_modules\selenium-webdriver\lib\promise.js:2505:12)
                    at schedulerExecute (C:\Users\srikanthr\AppData\Roaming\npm\node_modules\protractor\node_modules\jasminewd2\index.js:95:18)
                    at TaskQueue.execute_ (C:\Users\srikanthr\AppData\Roaming\npm\node_modules\protractor\node_modules\selenium-webdriver\lib\promise.js:3084:14)
                From: Task: Run beforeEach in control flow
                    at UserContext.&lt;anonymous> (C:\Users\srikanthr\AppData\Roaming\npm\node_modules\protractor\node_modules\jasminewd2\index.js:94:19)
                    at attempt (C:\Users\srikanthr\AppData\Roaming\npm\node_modules\protractor\node_modules\jasmine-core\lib\jasmine-core\jasmine.js:4297:26)
                    at QueueRunner.run (C:\Users\srikanthr\AppData\Roaming\npm\node_modules\protractor\node_modules\jasmine-core\lib\jasmine-core\jasmine.js:4217:20)
                    at QueueRunner.execute (C:\Users\srikanthr\AppData\Roaming\npm\node_modules\protractor\node_modules\jasmine-core\lib\jasmine-core\jasmine.js:4199:10)
                    at Spec.queueRunnerFactory (C:\Users\srikanthr\AppData\Roaming\npm\node_modules\protractor\node_modules\jasmine-core\lib\jasmine-core\jasmine.js:909:35)
                    at Spec.execute (C:\Users\srikanthr\AppData\Roaming\npm\node_modules\protractor\node_modules\jasmine-core\lib\jasmine-core\jasmine.js:526:10)
                    at UserContext.fn (C:\Users\srikanthr\AppData\Roaming\npm\node_modules\protractor\node_modules\jasmine-core\lib\jasmine-core\jasmine.js:5340:37)
                    at attempt (C:\Users\srikanthr\AppData\Roaming\npm\node_modules\protractor\node_modules\jasmine-core\lib\jasmine-core\jasmine.js:4297:26)
                    at QueueRunner.run (C:\Users\srikanthr\AppData\Roaming\npm\node_modules\protractor\node_modules\jasmine-core\lib\jasmine-core\jasmine.js:4217:20)
                    at QueueRunner.execute (C:\Users\srikanthr\AppData\Roaming\npm\node_modules\protractor\node_modules\jasmine-core\lib\jasmine-core\jasmine.js:4199:10)
                From asynchronous test: 
                Error
                    at Suite.&lt;anonymous> (C:\Users\srikanthr\eclipse-workspace\SnapAutomation-master\src\test\test_spec\template_spec_p2p_newyork.js:447:5)
                    at addSpecsToSuite (C:\Users\srikanthr\AppData\Roaming\npm\node_modules\protractor\node_modules\jasmine-core\lib\jasmine-core\jasmine.js:1107:25)
                    at Env.describe (C:\Users\srikanthr\AppData\Roaming\npm\node_modules\protractor\node_modules\jasmine-core\lib\jasmine-core\jasmine.js:1074:7)
                    at describe (C:\Users\srikanthr\AppData\Roaming\npm\node_modules\protractor\node_modules\jasmine-core\lib\jasmine-core\jasmine.js:4399:18)
                    at Object.&lt;anonymous> (C:\Users\srikanthr\eclipse-workspace\SnapAutomation-master\src\test\test_spec\template_spec_p2p_newyork.js:446:1)
                    at Module._compile (module.js:653:30)
                    at Object.Module._extensions..js (module.js:664:10)
                    at Module.load (module.js:566:32)
                    at tryModuleLoad (module.js:506:12)</stack-trace>
            </failure>
        </test-case>
        <test-case start='1547027708180' status='failed' stop='1547027728369'>
            <name>On saving the story and opening it on  front end comment section should be present in the story</name>
            <title>On saving the story and opening it on  front end comment section should be present in the story</title>
            <labels/>
            <parameters/>
            <steps/>
            <attachments/>
            <failure>
                <message>Failed: unexpected alert open: {Alert text : You are leaving with unsaved changes!}
                  (Session info: chrome=71.0.3578.98)
                  (Driver info: chromedriver=2.45.615291 (ec3682e3c9061c10f26ea9e5cdcf3c53f3f74387),platform=Windows NT 10.0.17134 x86_64)</message>
                <stack-trace>UnexpectedAlertOpenError: unexpected alert open: {Alert text : You are leaving with unsaved changes!}
                  (Session info: chrome=71.0.3578.98)
                  (Driver info: chromedriver=2.45.615291 (ec3682e3c9061c10f26ea9e5cdcf3c53f3f74387),platform=Windows NT 10.0.17134 x86_64)
                    at Object.checkLegacyResponse (C:\Users\srikanthr\AppData\Roaming\npm\node_modules\protractor\node_modules\selenium-webdriver\lib\error.js:553:13)
                    at parseHttpResponse (C:\Users\srikanthr\AppData\Roaming\npm\node_modules\protractor\node_modules\selenium-webdriver\lib\http.js:509:13)
                    at doSend.then.response (C:\Users\srikanthr\AppData\Roaming\npm\node_modules\protractor\node_modules\selenium-webdriver\lib\http.js:441:30)
                    at &lt;anonymous>
                    at process._tickCallback (internal/process/next_tick.js:189:7)
                From: Task: WebDriver.findElements(By(xpath, //h2[text()='Welcome to SNAP']))
                    at thenableWebDriverProxy.schedule (C:\Users\srikanthr\AppData\Roaming\npm\node_modules\protractor\node_modules\selenium-webdriver\lib\webdriver.js:807:17)
                    at thenableWebDriverProxy.findElements (C:\Users\srikanthr\AppData\Roaming\npm\node_modules\protractor\node_modules\selenium-webdriver\lib\webdriver.js:1048:19)
                    at ptor.waitForAngular.then (C:\Users\srikanthr\AppData\Roaming\npm\node_modules\protractor\built\element.js:159:44)
                    at ManagedPromise.invokeCallback_ (C:\Users\srikanthr\AppData\Roaming\npm\node_modules\protractor\node_modules\selenium-webdriver\lib\promise.js:1376:14)
                    at TaskQueue.execute_ (C:\Users\srikanthr\AppData\Roaming\npm\node_modules\protractor\node_modules\selenium-webdriver\lib\promise.js:3084:14)
                    at TaskQueue.executeNext_ (C:\Users\srikanthr\AppData\Roaming\npm\node_modules\protractor\node_modules\selenium-webdriver\lib\promise.js:3067:27)
                    at asyncRun (C:\Users\srikanthr\AppData\Roaming\npm\node_modules\protractor\node_modules\selenium-webdriver\lib\promise.js:2927:27)
                    at C:\Users\srikanthr\AppData\Roaming\npm\node_modules\protractor\node_modules\selenium-webdriver\lib\promise.js:668:7
                    at &lt;anonymous>Error
                    at ElementArrayFinder.applyAction_ (C:\Users\srikanthr\AppData\Roaming\npm\node_modules\protractor\built\element.js:459:27)
                    at ElementArrayFinder.(anonymous function).args [as isDisplayed] (C:\Users\srikanthr\AppData\Roaming\npm\node_modules\protractor\built\element.js:91:29)
                    at ElementFinder.(anonymous function).args [as isDisplayed] (C:\Users\srikanthr\AppData\Roaming\npm\node_modules\protractor\built\element.js:831:22)
                    at TemplatePage.verifySnapHomePage (C:\Users\srikanthr\eclipse-workspace\SnapAutomation-master\src\test\pages\TemplatePage.js:332:82)
                    at UserContext.&lt;anonymous> (C:\Users\srikanthr\eclipse-workspace\SnapAutomation-master\src\test\test_spec\template_spec_p2p_newyork.js:450:16)
                    at C:\Users\srikanthr\AppData\Roaming\npm\node_modules\protractor\node_modules\jasminewd2\index.js:112:25
                    at new ManagedPromise (C:\Users\srikanthr\AppData\Roaming\npm\node_modules\protractor\node_modules\selenium-webdriver\lib\promise.js:1077:7)
                    at ControlFlow.promise (C:\Users\srikanthr\AppData\Roaming\npm\node_modules\protractor\node_modules\selenium-webdriver\lib\promise.js:2505:12)
                    at schedulerExecute (C:\Users\srikanthr\AppData\Roaming\npm\node_modules\protractor\node_modules\jasminewd2\index.js:95:18)
                    at TaskQueue.execute_ (C:\Users\srikanthr\AppData\Roaming\npm\node_modules\protractor\node_modules\selenium-webdriver\lib\promise.js:3084:14)
                From: Task: Run beforeEach in control flow
                    at UserContext.&lt;anonymous> (C:\Users\srikanthr\AppData\Roaming\npm\node_modules\protractor\node_modules\jasminewd2\index.js:94:19)
                    at attempt (C:\Users\srikanthr\AppData\Roaming\npm\node_modules\protractor\node_modules\jasmine-core\lib\jasmine-core\jasmine.js:4297:26)
                    at QueueRunner.run (C:\Users\srikanthr\AppData\Roaming\npm\node_modules\protractor\node_modules\jasmine-core\lib\jasmine-core\jasmine.js:4217:20)
                    at QueueRunner.execute (C:\Users\srikanthr\AppData\Roaming\npm\node_modules\protractor\node_modules\jasmine-core\lib\jasmine-core\jasmine.js:4199:10)
                    at Spec.queueRunnerFactory (C:\Users\srikanthr\AppData\Roaming\npm\node_modules\protractor\node_modules\jasmine-core\lib\jasmine-core\jasmine.js:909:35)
                    at Spec.execute (C:\Users\srikanthr\AppData\Roaming\npm\node_modules\protractor\node_modules\jasmine-core\lib\jasmine-core\jasmine.js:526:10)
                    at UserContext.fn (C:\Users\srikanthr\AppData\Roaming\npm\node_modules\protractor\node_modules\jasmine-core\lib\jasmine-core\jasmine.js:5340:37)
                    at attempt (C:\Users\srikanthr\AppData\Roaming\npm\node_modules\protractor\node_modules\jasmine-core\lib\jasmine-core\jasmine.js:4297:26)
                    at QueueRunner.run (C:\Users\srikanthr\AppData\Roaming\npm\node_modules\protractor\node_modules\jasmine-core\lib\jasmine-core\jasmine.js:4217:20)
                    at runNext (C:\Users\srikanthr\AppData\Roaming\npm\node_modules\protractor\node_modules\jasmine-core\lib\jasmine-core\jasmine.js:4257:20)
                From asynchronous test: 
                Error
                    at Suite.&lt;anonymous> (C:\Users\srikanthr\eclipse-workspace\SnapAutomation-master\src\test\test_spec\template_spec_p2p_newyork.js:447:5)
                    at addSpecsToSuite (C:\Users\srikanthr\AppData\Roaming\npm\node_modules\protractor\node_modules\jasmine-core\lib\jasmine-core\jasmine.js:1107:25)
                    at Env.describe (C:\Users\srikanthr\AppData\Roaming\npm\node_modules\protractor\node_modules\jasmine-core\lib\jasmine-core\jasmine.js:1074:7)
                    at describe (C:\Users\srikanthr\AppData\Roaming\npm\node_modules\protractor\node_modules\jasmine-core\lib\jasmine-core\jasmine.js:4399:18)
                    at Object.&lt;anonymous> (C:\Users\srikanthr\eclipse-workspace\SnapAutomation-master\src\test\test_spec\template_spec_p2p_newyork.js:446:1)
                    at Module._compile (module.js:653:30)
                    at Object.Module._extensions..js (module.js:664:10)
                    at Module.load (module.js:566:32)
                    at tryModuleLoad (module.js:506:12)</stack-trace>
            </failure>
        </test-case>
    </test-cases>
</ns2:test-suite>