<?xml version="1.0" encoding="UTF-8" ?>
<testsuites disabled="0" errors="0" failures="8" tests="30" time="479.5">
 <testsuite name="Verify that user is able to create a new template" timestamp="2018-12-18T12:44:02" hostname="localhost" time="72.499" errors="0" tests="3" skipped="0" disabled="0" failures="1">
  <testcase classname="Verify that user is able to create a new template" name="Launch and login  Tribune Application" time="37.281">
   <failure type="exception" message="Failed: No element found using locator: By(css selector, img[alt=&apos;Sign in with Slack&apos;])"><![CDATA[NoSuchElementError: No element found using locator: By(css selector, img[alt='Sign in with Slack'])
    at elementArrayFinder.getWebElements.then (C:\Users\srikanthr\AppData\Roaming\npm\node_modules\protractor\built\element.js:814:27)
    at ManagedPromise.invokeCallback_ (C:\Users\srikanthr\AppData\Roaming\npm\node_modules\protractor\node_modules\selenium-webdriver\lib\promise.js:1376:14)
    at TaskQueue.execute_ (C:\Users\srikanthr\AppData\Roaming\npm\node_modules\protractor\node_modules\selenium-webdriver\lib\promise.js:3084:14)
    at TaskQueue.executeNext_ (C:\Users\srikanthr\AppData\Roaming\npm\node_modules\protractor\node_modules\selenium-webdriver\lib\promise.js:3067:27)
    at asyncRun (C:\Users\srikanthr\AppData\Roaming\npm\node_modules\protractor\node_modules\selenium-webdriver\lib\promise.js:2927:27)
    at C:\Users\srikanthr\AppData\Roaming\npm\node_modules\protractor\node_modules\selenium-webdriver\lib\promise.js:668:7
    at <anonymous>
    at process._tickCallback (internal/process/next_tick.js:189:7)Error
    at ElementArrayFinder.applyAction_ (C:\Users\srikanthr\AppData\Roaming\npm\node_modules\protractor\built\element.js:459:27)
    at ElementArrayFinder.(anonymous function).args [as click] (C:\Users\srikanthr\AppData\Roaming\npm\node_modules\protractor\built\element.js:91:29)
    at ElementFinder.(anonymous function).args [as click] (C:\Users\srikanthr\AppData\Roaming\npm\node_modules\protractor\built\element.js:831:22)
    at LoginPage.enterSlackDetails (C:\Users\srikanthr\eclipse-workspace\SnapAutomation-master\src\test\pages\LoginPage.js:13:75)
    at UserContext.<anonymous> (C:\Users\srikanthr\eclipse-workspace\SnapAutomation-master\src\test\test_spec\template_spec_p2p_newyork.js:14:19)
    at C:\Users\srikanthr\AppData\Roaming\npm\node_modules\protractor\node_modules\jasminewd2\index.js:112:25
    at new ManagedPromise (C:\Users\srikanthr\AppData\Roaming\npm\node_modules\protractor\node_modules\selenium-webdriver\lib\promise.js:1077:7)
    at ControlFlow.promise (C:\Users\srikanthr\AppData\Roaming\npm\node_modules\protractor\node_modules\selenium-webdriver\lib\promise.js:2505:12)
    at schedulerExecute (C:\Users\srikanthr\AppData\Roaming\npm\node_modules\protractor\node_modules\jasminewd2\index.js:95:18)
    at TaskQueue.execute_ (C:\Users\srikanthr\AppData\Roaming\npm\node_modules\protractor\node_modules\selenium-webdriver\lib\promise.js:3084:14)
From: Task: Run it("Launch and login  Tribune Application") in control flow
    at UserContext.<anonymous> (C:\Users\srikanthr\AppData\Roaming\npm\node_modules\protractor\node_modules\jasminewd2\index.js:94:19)
    at attempt (C:\Users\srikanthr\AppData\Roaming\npm\node_modules\protractor\node_modules\jasmine-core\lib\jasmine-core\jasmine.js:4297:26)
    at QueueRunner.run (C:\Users\srikanthr\AppData\Roaming\npm\node_modules\protractor\node_modules\jasmine-core\lib\jasmine-core\jasmine.js:4217:20)
    at QueueRunner.execute (C:\Users\srikanthr\AppData\Roaming\npm\node_modules\protractor\node_modules\jasmine-core\lib\jasmine-core\jasmine.js:4199:10)
    at Spec.queueRunnerFactory (C:\Users\srikanthr\AppData\Roaming\npm\node_modules\protractor\node_modules\jasmine-core\lib\jasmine-core\jasmine.js:909:35)
    at Spec.execute (C:\Users\srikanthr\AppData\Roaming\npm\node_modules\protractor\node_modules\jasmine-core\lib\jasmine-core\jasmine.js:526:10)
    at UserContext.fn (C:\Users\srikanthr\AppData\Roaming\npm\node_modules\protractor\node_modules\jasmine-core\lib\jasmine-core\jasmine.js:5340:37)
    at attempt (C:\Users\srikanthr\AppData\Roaming\npm\node_modules\protractor\node_modules\jasmine-core\lib\jasmine-core\jasmine.js:4297:26)
    at QueueRunner.run (C:\Users\srikanthr\AppData\Roaming\npm\node_modules\protractor\node_modules\jasmine-core\lib\jasmine-core\jasmine.js:4217:20)
    at QueueRunner.execute (C:\Users\srikanthr\AppData\Roaming\npm\node_modules\protractor\node_modules\jasmine-core\lib\jasmine-core\jasmine.js:4199:10)
From asynchronous test: 
Error
    at Suite.<anonymous> (C:\Users\srikanthr\eclipse-workspace\SnapAutomation-master\src\test\test_spec\template_spec_p2p_newyork.js:9:2)
    at addSpecsToSuite (C:\Users\srikanthr\AppData\Roaming\npm\node_modules\protractor\node_modules\jasmine-core\lib\jasmine-core\jasmine.js:1107:25)
    at Env.describe (C:\Users\srikanthr\AppData\Roaming\npm\node_modules\protractor\node_modules\jasmine-core\lib\jasmine-core\jasmine.js:1074:7)
    at describe (C:\Users\srikanthr\AppData\Roaming\npm\node_modules\protractor\node_modules\jasmine-core\lib\jasmine-core\jasmine.js:4399:18)
    at Object.<anonymous> (C:\Users\srikanthr\eclipse-workspace\SnapAutomation-master\src\test\test_spec\template_spec_p2p_newyork.js:7:1)
    at Module._compile (module.js:653:30)
    at Object.Module._extensions..js (module.js:664:10)
    at Module.load (module.js:566:32)
    at tryModuleLoad (module.js:506:12)]]>
   </failure>
  </testcase>
  <testcase classname="Verify that user is able to create a new template" name="should click on new template" time="6.459" />
  <testcase classname="Verify that user is able to create a new template" name="Verify that user is able to create a new template" time="28.744" />
 </testsuite>
 <testsuite name="Verify the functionality of Save &amp; Continue button when slug field does not contain word template" timestamp="2018-12-18T12:45:14" hostname="localhost" time="36.106" errors="0" tests="3" skipped="0" disabled="0" failures="0">
  <testcase classname="Verify the functionality of Save &amp; Continue button when slug field does not contain word template" name="Launch and login  Tribune Application" time="12.437" />
  <testcase classname="Verify the functionality of Save &amp; Continue button when slug field does not contain word template" name="verify that user is able to create new template" time="6.201" />
  <testcase classname="Verify the functionality of Save &amp; Continue button when slug field does not contain word template" name="should  enters the slug without template word" time="17.468" />
 </testsuite>
 <testsuite name="Verify that New Headline text is displayed on prview screen when user clear the HEADLINE field" timestamp="2018-12-18T12:45:51" hostname="localhost" time="34.695" errors="0" tests="3" skipped="0" disabled="0" failures="0">
  <testcase classname="Verify that New Headline text is displayed on prview screen when user clear the HEADLINE field" name="Launch and login  Tribune Application" time="12.417" />
  <testcase classname="Verify that New Headline text is displayed on prview screen when user clear the HEADLINE field" name="should click on  new template" time="6.088" />
  <testcase classname="Verify that New Headline text is displayed on prview screen when user clear the HEADLINE field" name="Verify that user is able see headline preview " time="16.19" />
 </testsuite>
 <testsuite name="Verify the functionality of Save &amp; Continue button when mandatory fields are blank" timestamp="2018-12-18T12:46:25" hostname="localhost" time="63.183" errors="0" tests="3" skipped="0" disabled="0" failures="0">
  <testcase classname="Verify the functionality of Save &amp; Continue button when mandatory fields are blank" name="Launch and login  Tribune Application" time="12.432" />
  <testcase classname="Verify the functionality of Save &amp; Continue button when mandatory fields are blank" name="should click on  new template" time="6.077" />
  <testcase classname="Verify the functionality of Save &amp; Continue button when mandatory fields are blank" name="Verify that user is able see headline preview " time="44.674" />
 </testsuite>
 <testsuite name="Verify the functionality of STORY TYPE dropdown list in p2p mode" timestamp="2018-12-18T12:47:28" hostname="localhost" time="28.117" errors="0" tests="3" skipped="0" disabled="0" failures="0">
  <testcase classname="Verify the functionality of STORY TYPE dropdown list in p2p mode" name="Launch and login  Tribune Application" time="12.429" />
  <testcase classname="Verify the functionality of STORY TYPE dropdown list in p2p mode" name="should click on new template" time="6.17" />
  <testcase classname="Verify the functionality of STORY TYPE dropdown list in p2p mode" name="Verify the options in story type in p2p mode" time="9.518" />
 </testsuite>
 <testsuite name="Verify the functionality of BYLINE field" timestamp="2018-12-18T12:47:57" hostname="localhost" time="55.402" errors="0" tests="3" skipped="0" disabled="0" failures="3">
  <testcase classname="Verify the functionality of BYLINE field" name="Launch and login  Tribune Application" time="12.473" />
  <testcase classname="Verify the functionality of BYLINE field" name="should create a new template" time="6.235" />
  <testcase classname="Verify the functionality of BYLINE field" name="enter the Byline value" time="36.694">
   <failure type="toEqual" message="Expected &apos;Jim Puzzanghera&apos; to equal &apos;Jim Carrey&apos;."><![CDATA[Error: Failed expectation
    at TemplatePage.selectBylinefromAutopopulated (C:\Users\srikanthr\eclipse-workspace\SnapAutomation-master\src\test\pages\TemplatePage.js:765:34)
    at UserContext.<anonymous> (C:\Users\srikanthr\eclipse-workspace\SnapAutomation-master\src\test\test_spec\template_spec_p2p_newyork.js:210:16)
    at C:\Users\srikanthr\AppData\Roaming\npm\node_modules\protractor\node_modules\jasminewd2\index.js:112:25
    at new ManagedPromise (C:\Users\srikanthr\AppData\Roaming\npm\node_modules\protractor\node_modules\selenium-webdriver\lib\promise.js:1077:7)
    at ControlFlow.promise (C:\Users\srikanthr\AppData\Roaming\npm\node_modules\protractor\node_modules\selenium-webdriver\lib\promise.js:2505:12)
    at schedulerExecute (C:\Users\srikanthr\AppData\Roaming\npm\node_modules\protractor\node_modules\jasminewd2\index.js:95:18)
    at TaskQueue.execute_ (C:\Users\srikanthr\AppData\Roaming\npm\node_modules\protractor\node_modules\selenium-webdriver\lib\promise.js:3084:14)
    at TaskQueue.executeNext_ (C:\Users\srikanthr\AppData\Roaming\npm\node_modules\protractor\node_modules\selenium-webdriver\lib\promise.js:3067:27)
    at asyncRun (C:\Users\srikanthr\AppData\Roaming\npm\node_modules\protractor\node_modules\selenium-webdriver\lib\promise.js:2974:25)]]>
   </failure>
   <failure type="toEqual" message="Expected &apos;Jim Carrey&apos; to equal &apos;Jim Rich&apos;."><![CDATA[Error: Failed expectation
    at TemplatePage.selectBylinefromAutopopulated (C:\Users\srikanthr\eclipse-workspace\SnapAutomation-master\src\test\pages\TemplatePage.js:766:34)
    at UserContext.<anonymous> (C:\Users\srikanthr\eclipse-workspace\SnapAutomation-master\src\test\test_spec\template_spec_p2p_newyork.js:210:16)
    at C:\Users\srikanthr\AppData\Roaming\npm\node_modules\protractor\node_modules\jasminewd2\index.js:112:25
    at new ManagedPromise (C:\Users\srikanthr\AppData\Roaming\npm\node_modules\protractor\node_modules\selenium-webdriver\lib\promise.js:1077:7)
    at ControlFlow.promise (C:\Users\srikanthr\AppData\Roaming\npm\node_modules\protractor\node_modules\selenium-webdriver\lib\promise.js:2505:12)
    at schedulerExecute (C:\Users\srikanthr\AppData\Roaming\npm\node_modules\protractor\node_modules\jasminewd2\index.js:95:18)
    at TaskQueue.execute_ (C:\Users\srikanthr\AppData\Roaming\npm\node_modules\protractor\node_modules\selenium-webdriver\lib\promise.js:3084:14)
    at TaskQueue.executeNext_ (C:\Users\srikanthr\AppData\Roaming\npm\node_modules\protractor\node_modules\selenium-webdriver\lib\promise.js:3067:27)
    at asyncRun (C:\Users\srikanthr\AppData\Roaming\npm\node_modules\protractor\node_modules\selenium-webdriver\lib\promise.js:2974:25)]]>
   </failure>
   <failure type="exception" message="Failed: No element found using locator: By(xpath, //span[text()=&apos;Jim Carrey&apos;])"><![CDATA[NoSuchElementError: No element found using locator: By(xpath, //span[text()='Jim Carrey'])
    at elementArrayFinder.getWebElements.then (C:\Users\srikanthr\AppData\Roaming\npm\node_modules\protractor\built\element.js:814:27)
    at ManagedPromise.invokeCallback_ (C:\Users\srikanthr\AppData\Roaming\npm\node_modules\protractor\node_modules\selenium-webdriver\lib\promise.js:1376:14)
    at TaskQueue.execute_ (C:\Users\srikanthr\AppData\Roaming\npm\node_modules\protractor\node_modules\selenium-webdriver\lib\promise.js:3084:14)
    at TaskQueue.executeNext_ (C:\Users\srikanthr\AppData\Roaming\npm\node_modules\protractor\node_modules\selenium-webdriver\lib\promise.js:3067:27)
    at asyncRun (C:\Users\srikanthr\AppData\Roaming\npm\node_modules\protractor\node_modules\selenium-webdriver\lib\promise.js:2927:27)
    at C:\Users\srikanthr\AppData\Roaming\npm\node_modules\protractor\node_modules\selenium-webdriver\lib\promise.js:668:7
    at <anonymous>
    at process._tickCallback (internal/process/next_tick.js:189:7)Error
    at ElementArrayFinder.applyAction_ (C:\Users\srikanthr\AppData\Roaming\npm\node_modules\protractor\built\element.js:459:27)
    at ElementArrayFinder.(anonymous function).args [as isDisplayed] (C:\Users\srikanthr\AppData\Roaming\npm\node_modules\protractor\built\element.js:91:29)
    at ElementFinder.(anonymous function).args [as isDisplayed] (C:\Users\srikanthr\AppData\Roaming\npm\node_modules\protractor\built\element.js:831:22)
    at TemplatePage.verifyBylinePreview (C:\Users\srikanthr\eclipse-workspace\SnapAutomation-master\src\test\pages\TemplatePage.js:788:83)
    at UserContext.<anonymous> (C:\Users\srikanthr\eclipse-workspace\SnapAutomation-master\src\test\test_spec\template_spec_p2p_newyork.js:213:16)
    at C:\Users\srikanthr\AppData\Roaming\npm\node_modules\protractor\node_modules\jasminewd2\index.js:112:25
    at new ManagedPromise (C:\Users\srikanthr\AppData\Roaming\npm\node_modules\protractor\node_modules\selenium-webdriver\lib\promise.js:1077:7)
    at ControlFlow.promise (C:\Users\srikanthr\AppData\Roaming\npm\node_modules\protractor\node_modules\selenium-webdriver\lib\promise.js:2505:12)
    at schedulerExecute (C:\Users\srikanthr\AppData\Roaming\npm\node_modules\protractor\node_modules\jasminewd2\index.js:95:18)
    at TaskQueue.execute_ (C:\Users\srikanthr\AppData\Roaming\npm\node_modules\protractor\node_modules\selenium-webdriver\lib\promise.js:3084:14)
From: Task: Run it("enter the Byline value") in control flow
    at UserContext.<anonymous> (C:\Users\srikanthr\AppData\Roaming\npm\node_modules\protractor\node_modules\jasminewd2\index.js:94:19)
    at attempt (C:\Users\srikanthr\AppData\Roaming\npm\node_modules\protractor\node_modules\jasmine-core\lib\jasmine-core\jasmine.js:4297:26)
    at QueueRunner.run (C:\Users\srikanthr\AppData\Roaming\npm\node_modules\protractor\node_modules\jasmine-core\lib\jasmine-core\jasmine.js:4217:20)
    at QueueRunner.execute (C:\Users\srikanthr\AppData\Roaming\npm\node_modules\protractor\node_modules\jasmine-core\lib\jasmine-core\jasmine.js:4199:10)
    at Spec.queueRunnerFactory (C:\Users\srikanthr\AppData\Roaming\npm\node_modules\protractor\node_modules\jasmine-core\lib\jasmine-core\jasmine.js:909:35)
    at Spec.execute (C:\Users\srikanthr\AppData\Roaming\npm\node_modules\protractor\node_modules\jasmine-core\lib\jasmine-core\jasmine.js:526:10)
    at UserContext.fn (C:\Users\srikanthr\AppData\Roaming\npm\node_modules\protractor\node_modules\jasmine-core\lib\jasmine-core\jasmine.js:5340:37)
    at attempt (C:\Users\srikanthr\AppData\Roaming\npm\node_modules\protractor\node_modules\jasmine-core\lib\jasmine-core\jasmine.js:4297:26)
    at QueueRunner.run (C:\Users\srikanthr\AppData\Roaming\npm\node_modules\protractor\node_modules\jasmine-core\lib\jasmine-core\jasmine.js:4217:20)
    at runNext (C:\Users\srikanthr\AppData\Roaming\npm\node_modules\protractor\node_modules\jasmine-core\lib\jasmine-core\jasmine.js:4257:20)
From asynchronous test: 
Error
    at Suite.<anonymous> (C:\Users\srikanthr\eclipse-workspace\SnapAutomation-master\src\test\test_spec\template_spec_p2p_newyork.js:206:2)
    at addSpecsToSuite (C:\Users\srikanthr\AppData\Roaming\npm\node_modules\protractor\node_modules\jasmine-core\lib\jasmine-core\jasmine.js:1107:25)
    at Env.describe (C:\Users\srikanthr\AppData\Roaming\npm\node_modules\protractor\node_modules\jasmine-core\lib\jasmine-core\jasmine.js:1074:7)
    at describe (C:\Users\srikanthr\AppData\Roaming\npm\node_modules\protractor\node_modules\jasmine-core\lib\jasmine-core\jasmine.js:4399:18)
    at Object.<anonymous> (C:\Users\srikanthr\eclipse-workspace\SnapAutomation-master\src\test\test_spec\template_spec_p2p_newyork.js:186:1)
    at Module._compile (module.js:653:30)
    at Object.Module._extensions..js (module.js:664:10)
    at Module.load (module.js:566:32)
    at tryModuleLoad (module.js:506:12)]]>
   </failure>
  </testcase>
 </testsuite>
 <testsuite name="should Verify the pop up message when user enters the already taken slug" timestamp="2018-12-18T12:48:52" hostname="localhost" time="50.829" errors="0" tests="3" skipped="0" disabled="0" failures="1">
  <testcase classname="should Verify the pop up message when user enters the already taken slug" name="Launch and login  Tribune Application" time="12.46" />
  <testcase classname="should Verify the pop up message when user enters the already taken slug" name="should create a new template" time="6.051" />
  <testcase classname="should Verify the pop up message when user enters the already taken slug" name="enter the Byline value" time="32.318">
   <failure type="exception" message="Failed: No element found using locator: By(xpath, //div[@class=&apos;alert pop bullseye warn&apos;])"><![CDATA[NoSuchElementError: No element found using locator: By(xpath, //div[@class='alert pop bullseye warn'])
    at elementArrayFinder.getWebElements.then (C:\Users\srikanthr\AppData\Roaming\npm\node_modules\protractor\built\element.js:814:27)
    at ManagedPromise.invokeCallback_ (C:\Users\srikanthr\AppData\Roaming\npm\node_modules\protractor\node_modules\selenium-webdriver\lib\promise.js:1376:14)
    at TaskQueue.execute_ (C:\Users\srikanthr\AppData\Roaming\npm\node_modules\protractor\node_modules\selenium-webdriver\lib\promise.js:3084:14)
    at TaskQueue.executeNext_ (C:\Users\srikanthr\AppData\Roaming\npm\node_modules\protractor\node_modules\selenium-webdriver\lib\promise.js:3067:27)
    at asyncRun (C:\Users\srikanthr\AppData\Roaming\npm\node_modules\protractor\node_modules\selenium-webdriver\lib\promise.js:2927:27)
    at C:\Users\srikanthr\AppData\Roaming\npm\node_modules\protractor\node_modules\selenium-webdriver\lib\promise.js:668:7
    at <anonymous>
    at process._tickCallback (internal/process/next_tick.js:189:7)Error
    at ElementArrayFinder.applyAction_ (C:\Users\srikanthr\AppData\Roaming\npm\node_modules\protractor\built\element.js:459:27)
    at ElementArrayFinder.(anonymous function).args [as isDisplayed] (C:\Users\srikanthr\AppData\Roaming\npm\node_modules\protractor\built\element.js:91:29)
    at ElementFinder.(anonymous function).args [as isDisplayed] (C:\Users\srikanthr\AppData\Roaming\npm\node_modules\protractor\built\element.js:831:22)
    at TemplatePage.alredyTakenPopup (C:\Users\srikanthr\eclipse-workspace\SnapAutomation-master\src\test\pages\TemplatePage.js:748:85)
    at UserContext.<anonymous> (C:\Users\srikanthr\eclipse-workspace\SnapAutomation-master\src\test\test_spec\template_spec_p2p_newyork.js:246:16)
    at C:\Users\srikanthr\AppData\Roaming\npm\node_modules\protractor\node_modules\jasminewd2\index.js:112:25
    at new ManagedPromise (C:\Users\srikanthr\AppData\Roaming\npm\node_modules\protractor\node_modules\selenium-webdriver\lib\promise.js:1077:7)
    at ControlFlow.promise (C:\Users\srikanthr\AppData\Roaming\npm\node_modules\protractor\node_modules\selenium-webdriver\lib\promise.js:2505:12)
    at schedulerExecute (C:\Users\srikanthr\AppData\Roaming\npm\node_modules\protractor\node_modules\jasminewd2\index.js:95:18)
    at TaskQueue.execute_ (C:\Users\srikanthr\AppData\Roaming\npm\node_modules\protractor\node_modules\selenium-webdriver\lib\promise.js:3084:14)
From: Task: Run it("enter the Byline value") in control flow
    at UserContext.<anonymous> (C:\Users\srikanthr\AppData\Roaming\npm\node_modules\protractor\node_modules\jasminewd2\index.js:94:19)
    at attempt (C:\Users\srikanthr\AppData\Roaming\npm\node_modules\protractor\node_modules\jasmine-core\lib\jasmine-core\jasmine.js:4297:26)
    at QueueRunner.run (C:\Users\srikanthr\AppData\Roaming\npm\node_modules\protractor\node_modules\jasmine-core\lib\jasmine-core\jasmine.js:4217:20)
    at QueueRunner.execute (C:\Users\srikanthr\AppData\Roaming\npm\node_modules\protractor\node_modules\jasmine-core\lib\jasmine-core\jasmine.js:4199:10)
    at Spec.queueRunnerFactory (C:\Users\srikanthr\AppData\Roaming\npm\node_modules\protractor\node_modules\jasmine-core\lib\jasmine-core\jasmine.js:909:35)
    at Spec.execute (C:\Users\srikanthr\AppData\Roaming\npm\node_modules\protractor\node_modules\jasmine-core\lib\jasmine-core\jasmine.js:526:10)
    at UserContext.fn (C:\Users\srikanthr\AppData\Roaming\npm\node_modules\protractor\node_modules\jasmine-core\lib\jasmine-core\jasmine.js:5340:37)
    at attempt (C:\Users\srikanthr\AppData\Roaming\npm\node_modules\protractor\node_modules\jasmine-core\lib\jasmine-core\jasmine.js:4297:26)
    at QueueRunner.run (C:\Users\srikanthr\AppData\Roaming\npm\node_modules\protractor\node_modules\jasmine-core\lib\jasmine-core\jasmine.js:4217:20)
    at runNext (C:\Users\srikanthr\AppData\Roaming\npm\node_modules\protractor\node_modules\jasmine-core\lib\jasmine-core\jasmine.js:4257:20)
From asynchronous test: 
Error
    at Suite.<anonymous> (C:\Users\srikanthr\eclipse-workspace\SnapAutomation-master\src\test\test_spec\template_spec_p2p_newyork.js:242:2)
    at addSpecsToSuite (C:\Users\srikanthr\AppData\Roaming\npm\node_modules\protractor\node_modules\jasmine-core\lib\jasmine-core\jasmine.js:1107:25)
    at Env.describe (C:\Users\srikanthr\AppData\Roaming\npm\node_modules\protractor\node_modules\jasmine-core\lib\jasmine-core\jasmine.js:1074:7)
    at describe (C:\Users\srikanthr\AppData\Roaming\npm\node_modules\protractor\node_modules\jasmine-core\lib\jasmine-core\jasmine.js:4399:18)
    at Object.<anonymous> (C:\Users\srikanthr\eclipse-workspace\SnapAutomation-master\src\test\test_spec\template_spec_p2p_newyork.js:222:1)
    at Module._compile (module.js:653:30)
    at Object.Module._extensions..js (module.js:664:10)
    at Module.load (module.js:566:32)
    at tryModuleLoad (module.js:506:12)]]>
   </failure>
  </testcase>
 </testsuite>
 <testsuite name="Verify that user is able to add multiple byliness" timestamp="2018-12-18T12:49:43" hostname="localhost" time="58.425" errors="0" tests="3" skipped="0" disabled="0" failures="2">
  <testcase classname="Verify that user is able to add multiple byliness" name="Launch and login  Tribune Application" time="12.435" />
  <testcase classname="Verify that user is able to add multiple byliness" name="should create a new template" time="7.176" />
  <testcase classname="Verify that user is able to add multiple byliness" name="enter the Byline value" time="38.814">
   <failure type="toEqual" message="Expected &apos;Jim Puzzanghera&apos; to equal &apos;Jim Carrey&apos;."><![CDATA[Error: Failed expectation
    at TemplatePage.selectBylinefromAutopopulated (C:\Users\srikanthr\eclipse-workspace\SnapAutomation-master\src\test\pages\TemplatePage.js:765:34)
    at UserContext.<anonymous> (C:\Users\srikanthr\eclipse-workspace\SnapAutomation-master\src\test\test_spec\template_spec_p2p_newyork.js:280:16)
    at C:\Users\srikanthr\AppData\Roaming\npm\node_modules\protractor\node_modules\jasminewd2\index.js:112:25
    at new ManagedPromise (C:\Users\srikanthr\AppData\Roaming\npm\node_modules\protractor\node_modules\selenium-webdriver\lib\promise.js:1077:7)
    at ControlFlow.promise (C:\Users\srikanthr\AppData\Roaming\npm\node_modules\protractor\node_modules\selenium-webdriver\lib\promise.js:2505:12)
    at schedulerExecute (C:\Users\srikanthr\AppData\Roaming\npm\node_modules\protractor\node_modules\jasminewd2\index.js:95:18)
    at TaskQueue.execute_ (C:\Users\srikanthr\AppData\Roaming\npm\node_modules\protractor\node_modules\selenium-webdriver\lib\promise.js:3084:14)
    at TaskQueue.executeNext_ (C:\Users\srikanthr\AppData\Roaming\npm\node_modules\protractor\node_modules\selenium-webdriver\lib\promise.js:3067:27)
    at asyncRun (C:\Users\srikanthr\AppData\Roaming\npm\node_modules\protractor\node_modules\selenium-webdriver\lib\promise.js:2974:25)]]>
   </failure>
   <failure type="toEqual" message="Expected &apos;Jim Carrey&apos; to equal &apos;Jim Rich&apos;."><![CDATA[Error: Failed expectation
    at TemplatePage.selectBylinefromAutopopulated (C:\Users\srikanthr\eclipse-workspace\SnapAutomation-master\src\test\pages\TemplatePage.js:766:34)
    at UserContext.<anonymous> (C:\Users\srikanthr\eclipse-workspace\SnapAutomation-master\src\test\test_spec\template_spec_p2p_newyork.js:280:16)
    at C:\Users\srikanthr\AppData\Roaming\npm\node_modules\protractor\node_modules\jasminewd2\index.js:112:25
    at new ManagedPromise (C:\Users\srikanthr\AppData\Roaming\npm\node_modules\protractor\node_modules\selenium-webdriver\lib\promise.js:1077:7)
    at ControlFlow.promise (C:\Users\srikanthr\AppData\Roaming\npm\node_modules\protractor\node_modules\selenium-webdriver\lib\promise.js:2505:12)
    at schedulerExecute (C:\Users\srikanthr\AppData\Roaming\npm\node_modules\protractor\node_modules\jasminewd2\index.js:95:18)
    at TaskQueue.execute_ (C:\Users\srikanthr\AppData\Roaming\npm\node_modules\protractor\node_modules\selenium-webdriver\lib\promise.js:3084:14)
    at TaskQueue.executeNext_ (C:\Users\srikanthr\AppData\Roaming\npm\node_modules\protractor\node_modules\selenium-webdriver\lib\promise.js:3067:27)
    at asyncRun (C:\Users\srikanthr\AppData\Roaming\npm\node_modules\protractor\node_modules\selenium-webdriver\lib\promise.js:2974:25)]]>
   </failure>
  </testcase>
 </testsuite>
 <testsuite name="Verify that following fields are autoselected" timestamp="2018-12-18T12:50:41" hostname="localhost" time="47.377" errors="0" tests="3" skipped="0" disabled="0" failures="1">
  <testcase classname="Verify that following fields are autoselected" name="Launch and login  Tribune Application" time="12.462" />
  <testcase classname="Verify that following fields are autoselected" name="should able to create a new template" time="10.174" />
  <testcase classname="Verify that following fields are autoselected" name="Verify that user is able see autofiled fields" time="24.741">
   <failure type="toEqual" message="Expected &apos;la-snap-test-auto-normal-ct-xebia-template-20181218&apos; to equal &apos;ny-snap-test-auto-normal-ct-xebia-template-20181218&apos;."><![CDATA[Error: Failed expectation
    at TemplatePage.verifySlug (C:\Users\srikanthr\eclipse-workspace\SnapAutomation-master\src\test\pages\TemplatePage.js:596:87)
    at UserContext.<anonymous> (C:\Users\srikanthr\eclipse-workspace\SnapAutomation-master\src\test\test_spec\template_spec_p2p_newyork.js:314:17)
    at C:\Users\srikanthr\AppData\Roaming\npm\node_modules\protractor\node_modules\jasminewd2\index.js:112:25
    at new ManagedPromise (C:\Users\srikanthr\AppData\Roaming\npm\node_modules\protractor\node_modules\selenium-webdriver\lib\promise.js:1077:7)
    at ControlFlow.promise (C:\Users\srikanthr\AppData\Roaming\npm\node_modules\protractor\node_modules\selenium-webdriver\lib\promise.js:2505:12)
    at schedulerExecute (C:\Users\srikanthr\AppData\Roaming\npm\node_modules\protractor\node_modules\jasminewd2\index.js:95:18)
    at TaskQueue.execute_ (C:\Users\srikanthr\AppData\Roaming\npm\node_modules\protractor\node_modules\selenium-webdriver\lib\promise.js:3084:14)
    at TaskQueue.executeNext_ (C:\Users\srikanthr\AppData\Roaming\npm\node_modules\protractor\node_modules\selenium-webdriver\lib\promise.js:3067:27)
    at asyncRun (C:\Users\srikanthr\AppData\Roaming\npm\node_modules\protractor\node_modules\selenium-webdriver\lib\promise.js:2974:25)]]>
   </failure>
  </testcase>
 </testsuite>
 <testsuite name="Verify that section field is not present on template creation page." timestamp="2018-12-18T12:51:29" hostname="localhost" time="32.867" errors="0" tests="3" skipped="0" disabled="0" failures="0">
  <testcase classname="Verify that section field is not present on template creation page." name="Launch and login  Tribune Application" time="12.43" />
  <testcase classname="Verify that section field is not present on template creation page." name="should  create new template" time="6.098" />
  <testcase classname="Verify that section field is not present on template creation page." name="Verify if section is not displayed and collection is displayed in template edit page" time="14.339" />
 </testsuite>
</testsuites>